"../../../Engine/Content/Functions/Engine_MaterialFunctions02/Utility/MakeFloat3.uasset" 0
"../../../../../../Users/User/Documents/Exodia_File/WinterGameJam/Content/AdvancedCelShader/CelShader/MaterialFunctions/PackDepth.uasset" 1
"../../../Engine/Content/Functions/Engine_MaterialFunctions01/Gradient/LinearGradient.uasset" 2
"../../../Engine/Content/Functions/Engine_MaterialFunctions01/ImageAdjustment/BlurSampleOffsets.uasset" 3
"../../../Engine/Content/Functions/Engine_MaterialFunctions01/ImageAdjustment/CheapContrast.uasset" 4
"../../../Engine/Content/Functions/Engine_MaterialFunctions01/Opacity/CameraDepthFade.uasset" 5
"../../../Engine/Content/Functions/Engine_MaterialFunctions02/Math/AddComponents.uasset" 6
"../../../Engine/Content/Functions/Engine_MaterialFunctions02/Utility/BreakOutFloat2Components.uasset" 7
"../../../Engine/Content/Functions/Engine_MaterialFunctions02/Utility/BreakOutFloat3Components.uasset" 8
"../../../Engine/Content/Functions/Engine_MaterialFunctions02/Utility/Sign.uasset" 9
"../../../Engine/Content/Functions/Engine_MaterialFunctions02/Utility/Round.uasset" 10
"../../../../../../Users/User/Documents/Exodia_File/WinterGameJam/Content/AdvancedCelShader/CelShader/MaterialFunctions/PosterizeForward.uasset" 11
"../../../../../../Users/User/Documents/Exodia_File/WinterGameJam/Content/AdvancedCelShader/CelShader/MaterialFunctions/CelPosterizeForward.uasset" 12
"../../../../../../Users/User/Documents/Exodia_File/WinterGameJam/Content/AdvancedCelShader/CelShader/MaterialFunctions/EdgeDetectColourForward.uasset" 13
"../../../../../../Users/User/Documents/Exodia_File/WinterGameJam/Content/AdvancedCelShader/CelShader/MaterialFunctions/EdgeDetectDepthForward.uasset" 14
"../../../../../../Users/User/Documents/Exodia_File/WinterGameJam/Content/AdvancedCelShader/CelShader/Materials/CelShaderForward.uasset" 15
"../../../Engine/Content/Functions/Engine_MaterialFunctions02/Texturing/WorldPositionWithScale.uasset" 16
"../../../../../../Users/User/Documents/Exodia_File/WinterGameJam/Content/AdvancedCelShader/CelShader/MaterialFunctions/Posterize.uasset" 17
"../../../../../../Users/User/Documents/Exodia_File/WinterGameJam/Content/AdvancedCelShader/CelShader/MaterialFunctions/CelPosterize.uasset" 18
"../../../../../../Users/User/Documents/Exodia_File/WinterGameJam/Content/AdvancedCelShader/CelShader/MaterialFunctions/EdgeDetectColourv2.uasset" 19
"../../../../../../Users/User/Documents/Exodia_File/WinterGameJam/Content/AdvancedCelShader/CelShader/MaterialFunctions/EdgeDetectDepthv2.uasset" 20
"../../../../../../Users/User/Documents/Exodia_File/WinterGameJam/Content/AdvancedCelShader/CelShader/Textures/sketch_mask_2.uasset" 21
"../../../../../../Users/User/Documents/Exodia_File/WinterGameJam/Content/AdvancedCelShader/CelShader/Materials/CelShaderV2.uasset" 22
"../../../Engine/Content/Functions/Engine_MaterialFunctions01/ImageAdjustment/SCurve.uasset" 23
"../../../Engine/Content/MapTemplates/TilingNoise05.uasset" 24
"../../../Engine/Content/Functions/Engine_MaterialFunctions01/Texturing/TriplanarCameraVector.uasset" 25
"../../../Engine/Content/EngineMaterials/BlendFunc_DefBase.uasset" 26
"../../../Engine/Content/EngineMaterials/BlendFunc_DefBlend.uasset" 27
"../../../Engine/Content/Functions/Engine_MaterialFunctions03/Blends/Blend_Difference.uasset" 28
"../../../../../../Users/User/Documents/Exodia_File/WinterGameJam/Content/AdvancedCelShader/CelShader/MaterialFunctions/CustomBlur1.uasset" 29
"../../../../../../Users/User/Documents/Exodia_File/WinterGameJam/Content/AdvancedCelShader/CelShader/MaterialFunctions/CustomBlur2.uasset" 30
"../../../../../../Users/User/Documents/Exodia_File/WinterGameJam/Content/AdvancedCelShader/CelShader/MaterialFunctions/DepthMask.uasset" 31
"../../../../../../Users/User/Documents/Exodia_File/WinterGameJam/Content/AdvancedCelShader/CelShader/MaterialFunctions/EdgeDetectColour.uasset" 32
"../../../../../../Users/User/Documents/Exodia_File/WinterGameJam/Content/AdvancedCelShader/CelShader/MaterialFunctions/EdgeDetectDepth.uasset" 33
"../../../../../../Users/User/Documents/Exodia_File/WinterGameJam/Content/AdvancedCelShader/CelShader/MaterialFunctions/InnerShadow.uasset" 34
"../../../../../../Users/User/Documents/Exodia_File/WinterGameJam/Content/AdvancedCelShader/CelShader/MaterialFunctions/MaskSky.uasset" 35
"../../../../../../Users/User/Documents/Exodia_File/WinterGameJam/Content/AdvancedCelShader/CelShader/MaterialFunctions/OuterShadow.uasset" 36
"../../../../../../Users/User/Documents/Exodia_File/WinterGameJam/Content/AdvancedCelShader/CelShader/MaterialFunctions/PixellateUVs.uasset" 37
"../../../../../../Users/User/Documents/Exodia_File/WinterGameJam/Content/AdvancedCelShader/CelShader/MaterialFunctions/SkyMask.uasset" 38
"../../../../../../Users/User/Documents/Exodia_File/WinterGameJam/Content/AdvancedCelShader/CelShader/MaterialFunctions/Slider.uasset" 39
"../../../../../../Users/User/Documents/Exodia_File/WinterGameJam/Content/AdvancedCelShader/CelShader/Textures/PrintDots.uasset" 40
"../../../../../../Users/User/Documents/Exodia_File/WinterGameJam/Content/AdvancedCelShader/CelShader/Textures/spatter.uasset" 41
"../../../../../../Users/User/Documents/Exodia_File/WinterGameJam/Content/AdvancedCelShader/CelShader/Textures/watercolour_texture.uasset" 42
"../../../../../../Users/User/Documents/Exodia_File/WinterGameJam/Content/AdvancedCelShader/CelShader/Materials/CelShader.uasset" 43
"../../../../../../Users/User/Documents/Exodia_File/WinterGameJam/Content/AdvancedCelShader/CelShader/Presets/CelShader80sCartoon.uasset" 44
"../../../../../../Users/User/Documents/Exodia_File/WinterGameJam/Content/AdvancedCelShader/CelShader/Textures/paint_normal_normal.uasset" 45
"../../../../../../Users/User/Documents/Exodia_File/WinterGameJam/Content/AdvancedCelShader/CelShader/Presets/CelShaderAgedComic.uasset" 46
"../../../../../../Users/User/Documents/Exodia_File/WinterGameJam/Content/AdvancedCelShader/CelShader/Textures/brushstrokes.uasset" 47
"../../../../../../Users/User/Documents/Exodia_File/WinterGameJam/Content/AdvancedCelShader/CelShader/Textures/burlap.uasset" 48
"../../../../../../Users/User/Documents/Exodia_File/WinterGameJam/Content/AdvancedCelShader/CelShader/Textures/flatwhite.uasset" 49
"../../../../../../Users/User/Documents/Exodia_File/WinterGameJam/Content/AdvancedCelShader/CelShader/Textures/sketch_mask.uasset" 50
"../../../../../../Users/User/Documents/Exodia_File/WinterGameJam/Content/Jeric/Character/Animations/MainChar_Skeleton.uasset" 51
"../../../../../../Users/User/Documents/Exodia_File/WinterGameJam/Content/Jeric/Character/Animations/MainChar_JumpEnd.uasset" 52
"../../../../../../Users/User/Documents/Exodia_File/WinterGameJam/Content/Jeric/Character/Animations/MainChar_JumpLoop.uasset" 53
"../../../../../../Users/User/Documents/Exodia_File/WinterGameJam/Content/Jeric/Character/Animations/MainChar_JumpStart.uasset" 54
"../../../../../../Users/User/Documents/Exodia_File/WinterGameJam/Content/Jeric/Character/Animations/MainChar_RunAnim.uasset" 55
"../../../../../../Users/User/Documents/Exodia_File/WinterGameJam/Content/Jeric/ThirdPersonBP/Blueprints/animbs_main.uasset" 56
"../../../../../../Users/User/Documents/Exodia_File/WinterGameJam/Content/Jeric/ThirdPersonBP/Blueprints/ABP_Character.uasset" 57
"../../../../../../Users/User/Documents/Exodia_File/WinterGameJam/Content/Jeric/Character/Animations/MainChar_MoveLeftAnim.uasset" 58
"../../../../../../Users/User/Documents/Exodia_File/WinterGameJam/Content/Jeric/Character/Animations/MainChar_MoveRightAnim.uasset" 59
"../../../../../../Users/User/Documents/Exodia_File/WinterGameJam/Content/Jeric/Character/Animations/MainChar_RollAnim.uasset" 60
"../../../../../../Users/User/Documents/Exodia_File/WinterGameJam/Content/Jeric/Enemy/Enemy_Skeleton.uasset" 61
"../../../../../../Users/User/Documents/Exodia_File/WinterGameJam/Content/Jeric/Enemy/Enemy_IdleAnim.uasset" 62
"../../../../../../Users/User/Documents/Exodia_File/WinterGameJam/Content/Jeric/Enemy/ABP_Enemy.uasset" 63
"../../../../../../Users/User/Documents/Exodia_File/WinterGameJam/Content/Jeric/Character/Animations/MainChar_AttackLeftAnim.uasset" 64
"../../../../../../Users/User/Documents/Exodia_File/WinterGameJam/Content/Jeric/Character/Animations/MainChar_AttackRightAnim.uasset" 65
"../../../../../../Users/User/Documents/Exodia_File/WinterGameJam/Content/Jeric/Enemy/Enemy_AttackAnim.uasset" 66
"../../../../../../Users/User/Documents/Exodia_File/WinterGameJam/Content/Jeric/Enemy/Enemy_AttackLeftAnim.uasset" 67
"../../../../../../Users/User/Documents/Exodia_File/WinterGameJam/Content/Jeric/Enemy/Enemy_AttackRightAnim.uasset" 68
"../../../../../../Users/User/Documents/Exodia_File/WinterGameJam/Content/Jeric/Enemy/T_Enemy.uasset" 69
"../../../../../../Users/User/Documents/Exodia_File/WinterGameJam/Content/Jeric/Enemy/M_Enemy.uasset" 70
"../../../../../../Users/User/Documents/Exodia_File/WinterGameJam/Content/Jeric/Enemy/Enemy_Physics.uasset" 71
"../../../../../../Users/User/Documents/Exodia_File/WinterGameJam/Content/Jeric/Enemy/Enemy.uasset" 72
"../../../../../../Users/User/Documents/Exodia_File/WinterGameJam/Content/NIVELLE/Enemy.uasset" 73
"../../../../../../Users/User/Documents/Exodia_File/WinterGameJam/Content/NIVELLE/Enemy_Cue.uasset" 74
"../../../../../../Users/User/Documents/Exodia_File/WinterGameJam/Content/Jeric/ThirdPersonBP/Blueprints/BP_Blocker.uasset" 75
"../../../Engine/Content/BasicShapes/BasicShapeMaterial.uasset" 76
"../../../../../../Users/User/Documents/Exodia_File/WinterGameJam/Content/Jeric/Environment/car.uasset" 77
"../../../../../../Users/User/Documents/Exodia_File/WinterGameJam/Content/Jeric/Environment/M_Car.uasset" 78
"../../../../../../Users/User/Documents/Exodia_File/WinterGameJam/Content/Jeric/Environment/Warning/Sign.uasset" 79
"../../../../../../Users/User/Documents/Exodia_File/WinterGameJam/Content/Jeric/Environment/Warning/M_Sign.uasset" 80
"../../../Engine/Content/EngineMaterials/T_Default_Material_Grid_M.uasset" 81
"../../../Engine/Content/EngineMaterials/T_Default_Material_Grid_N.uasset" 82
"../../../Engine/Content/EngineMaterials/WorldGridMaterial.uasset" 83
"../../../Engine/Content/BasicShapes/Cube.uasset" 84
"../../../../../../Users/User/Documents/Exodia_File/WinterGameJam/Content/Jeric/ThirdPersonBP/Blueprints/BP_RampDown.uasset" 85
"../../../../../../Users/User/Documents/Exodia_File/WinterGameJam/Content/Jeric/ThirdPersonBP/Blueprints/BP_RampUp.uasset" 86
"../../../../../../Users/User/Documents/Exodia_File/WinterGameJam/Content/Jeric/Environment/Magnet/T_Magnet.uasset" 87
"../../../../../../Users/User/Documents/Exodia_File/WinterGameJam/Content/Jeric/Environment/Magnet/NewFolder/T_Magnet2.uasset" 88
"../../../../../../Users/User/Documents/Exodia_File/WinterGameJam/Content/Jeric/Environment/Sword/Swordf.uasset" 89
"../../../../../../Users/User/Documents/Exodia_File/WinterGameJam/Content/Jeric/Environment/Sword/M_Sword1.uasset" 90
"../../../../../../Users/User/Documents/Exodia_File/WinterGameJam/Content/Jeff/Images/Latest/Game_Over_UI.uasset" 91
"../../../../../../Users/User/Documents/Exodia_File/WinterGameJam/Content/Jeff/Blueprints/WidgetBP/Okay/DeadMenu_WB.uasset" 92
"../../../../../../Users/User/Documents/Exodia_File/WinterGameJam/Content/Jeff/Images/Heart.uasset" 93
"../../../../../../Users/User/Documents/Exodia_File/WinterGameJam/Content/Jeff/Blueprints/WidgetBP/WB_H1.uasset" 94
"../../../../../../Users/User/Documents/Exodia_File/WinterGameJam/Content/Jeff/Blueprints/WidgetBP/WB_H2.uasset" 95
"../../../../../../Users/User/Documents/Exodia_File/WinterGameJam/Content/Jeff/Blueprints/WidgetBP/WB_H3.uasset" 96
"../../../../../../Users/User/Documents/Exodia_File/WinterGameJam/Content/Jeric/Character/Animations/Character.uasset" 97
"../../../../../../Users/User/Documents/Exodia_File/WinterGameJam/Content/Jeric/Character/Animations/lambert1.uasset" 98
"../../../../../../Users/User/Documents/Exodia_File/WinterGameJam/Content/Jeric/Character/Animations/MChar_Bag.uasset" 99
"../../../../../../Users/User/Documents/Exodia_File/WinterGameJam/Content/Jeric/Character/Animations/MChar_EyesAndTeeth.uasset" 100
"../../../../../../Users/User/Documents/Exodia_File/WinterGameJam/Content/Jeric/Character/Animations/MChar_Hair.uasset" 101
"../../../../../../Users/User/Documents/Exodia_File/WinterGameJam/Content/Jeric/Character/Animations/MChar_Pants.uasset" 102
"../../../../../../Users/User/Documents/Exodia_File/WinterGameJam/Content/Jeric/Character/Animations/MChar_Shirt_PrimaryColor.uasset" 103
"../../../../../../Users/User/Documents/Exodia_File/WinterGameJam/Content/Jeric/Character/Animations/MChar_Shirt_SecondaryColor.uasset" 104
"../../../../../../Users/User/Documents/Exodia_File/WinterGameJam/Content/Jeric/Character/Animations/MChar_Shoes_PrimaryColor.uasset" 105
"../../../../../../Users/User/Documents/Exodia_File/WinterGameJam/Content/Jeric/Character/Animations/MChar_Shoes_SecondaryColor.uasset" 106
"../../../../../../Users/User/Documents/Exodia_File/WinterGameJam/Content/Jeric/Character/Animations/MChar_Shoes_TertiaryColor.uasset" 107
"../../../../../../Users/User/Documents/Exodia_File/WinterGameJam/Content/Jeric/Character/Animations/MChar_Skin.uasset" 108
"../../../../../../Users/User/Documents/Exodia_File/WinterGameJam/Content/Jeric/Character/Animations/MainChar_PhysicsAsset.uasset" 109
"../../../../../../Users/User/Documents/Exodia_File/WinterGameJam/Content/Jeric/Character/Animations/MainChar.uasset" 110
"../../../../../../Users/User/Documents/Exodia_File/WinterGameJam/Content/Jeric/Environment/Magnet/NewFolder/Magnet.uasset" 111
"../../../../../../Users/User/Documents/Exodia_File/WinterGameJam/Content/Jeric/Environment/Sword/M_Sword2.uasset" 112
"../../../../../../Users/User/Documents/Exodia_File/WinterGameJam/Content/Jeric/Environment/Sword/Sword.uasset" 113
"../../../../../../Users/User/Documents/Exodia_File/WinterGameJam/Content/Jeric/ThirdPersonBP/Blueprints/ThirdPersonCharacter.uasset" 114
"../../../../../../Users/User/Documents/Exodia_File/WinterGameJam/Content/Jeff/Blueprints/WidgetBP/InGameHealth_WB.uasset" 115
"../../../../../../Users/User/Documents/Exodia_File/WinterGameJam/Content/Jeff/Blueprints/WidgetBP/RunHud.uasset" 116
"../../../../../../Users/User/Documents/Exodia_File/WinterGameJam/Content/Jeff/Blueprints/WidgetBP/WB_Countdown.uasset" 117
"../../../../../../Users/User/Documents/Exodia_File/WinterGameJam/Content/Jeff/Blueprints/WidgetBP/WB_DodgeL.uasset" 118
"../../../../../../Users/User/Documents/Exodia_File/WinterGameJam/Content/Jeff/Blueprints/WidgetBP/WB_DodgeR.uasset" 119
"../../../../../../Users/User/Documents/Exodia_File/WinterGameJam/Content/Jeff/Blueprints/WidgetBP/Okay/InGameHealth_WB.uasset" 120
"../../../../../../Users/User/Documents/Exodia_File/WinterGameJam/Content/Jeff/Blueprints/WidgetBP/WholeCredits/CossetteCredit_WB.uasset" 121
"../../../../../../Users/User/Documents/Exodia_File/WinterGameJam/Content/Jeff/Blueprints/WidgetBP/WholeCredits/CossetteCredit_BP.uasset" 122
"../../../../../../Users/User/Documents/Exodia_File/WinterGameJam/Content/Jeff/Blueprints/WidgetBP/WholeCredits/EfrenCredit_WB.uasset" 123
"../../../../../../Users/User/Documents/Exodia_File/WinterGameJam/Content/Jeff/Blueprints/WidgetBP/WholeCredits/EfrenCredit_BP.uasset" 124
"../../../../../../Users/User/Documents/Exodia_File/WinterGameJam/Content/Jeff/Blueprints/WidgetBP/WholeCredits/IghotCredit_WB.uasset" 125
"../../../../../../Users/User/Documents/Exodia_File/WinterGameJam/Content/Jeff/Blueprints/WidgetBP/WholeCredits/IghotCredit_BP.uasset" 126
"../../../../../../Users/User/Documents/Exodia_File/WinterGameJam/Content/Jeff/Blueprints/WidgetBP/Okay/CreditNames_WB.uasset" 127
"../../../../../../Users/User/Documents/Exodia_File/WinterGameJam/Content/Jeff/Blueprints/WidgetBP/WholeCredits/JeffCredit_BP.uasset" 128
"../../../../../../Users/User/Documents/Exodia_File/WinterGameJam/Content/Jeff/Blueprints/WidgetBP/WholeCredits/JericCredit_WB.uasset" 129
"../../../../../../Users/User/Documents/Exodia_File/WinterGameJam/Content/Jeff/Blueprints/WidgetBP/WholeCredits/JericCredit_BP.uasset" 130
"../../../../../../Users/User/Documents/Exodia_File/WinterGameJam/Content/Jeff/Blueprints/WidgetBP/WholeCredits/JubelCredit_WB.uasset" 131
"../../../../../../Users/User/Documents/Exodia_File/WinterGameJam/Content/Jeff/Blueprints/WidgetBP/WholeCredits/JubelCredit_BP.uasset" 132
"../../../../../../Users/User/Documents/Exodia_File/WinterGameJam/Content/Jeff/Blueprints/WidgetBP/WholeCredits/NeilCredit_WB.uasset" 133
"../../../../../../Users/User/Documents/Exodia_File/WinterGameJam/Content/Jeff/Blueprints/WidgetBP/WholeCredits/NeilCredit_BP.uasset" 134
"../../../../../../Users/User/Documents/Exodia_File/WinterGameJam/Content/Jeff/Blueprints/WidgetBP/WholeCredits/NivelleCredit_WB.uasset" 135
"../../../../../../Users/User/Documents/Exodia_File/WinterGameJam/Content/Jeff/Blueprints/WidgetBP/WholeCredits/NivelleCredit_BP.uasset" 136
"../../../../../../Users/User/Documents/Exodia_File/WinterGameJam/Content/Jeff/Images/Credits_clicked_.uasset" 137
"../../../../../../Users/User/Documents/Exodia_File/WinterGameJam/Content/Jeff/Images/Final_Score_UI.uasset" 138
"../../../../../../Users/User/Documents/Exodia_File/WinterGameJam/Content/Jeff/Images/Game_Over_UI.uasset" 139
"../../../../../../Users/User/Documents/Exodia_File/WinterGameJam/Content/Jeff/Images/PLAY_GAME_NORMAL.uasset" 140
"../../../../../../Users/User/Documents/Exodia_File/WinterGameJam/Content/Jeff/Images/Quit_game_clicked_.uasset" 141
"../../../../../../Users/User/Documents/Exodia_File/WinterGameJam/Content/Jeff/Images/Ui_title2.uasset" 142
"../../../../../../Users/User/Documents/Exodia_File/WinterGameJam/Content/Jeff/Images/Latest/Game_Paused_UI.uasset" 143
"../../../../../../Users/User/Documents/Exodia_File/WinterGameJam/Content/Jeric/Character/lambert1.uasset" 144
"../../../../../../Users/User/Documents/Exodia_File/WinterGameJam/Content/Jeric/Character/MChar_Bag.uasset" 145
"../../../../../../Users/User/Documents/Exodia_File/WinterGameJam/Content/Jeric/Character/MChar_EyesAndTeeth.uasset" 146
"../../../../../../Users/User/Documents/Exodia_File/WinterGameJam/Content/Jeric/Character/MChar_Hair.uasset" 147
"../../../../../../Users/User/Documents/Exodia_File/WinterGameJam/Content/Jeric/Character/MChar_Pants.uasset" 148
"../../../../../../Users/User/Documents/Exodia_File/WinterGameJam/Content/Jeric/Character/MChar_Shirt_PrimaryColor.uasset" 149
"../../../../../../Users/User/Documents/Exodia_File/WinterGameJam/Content/Jeric/Character/MChar_Shirt_SecondaryColor.uasset" 150
"../../../../../../Users/User/Documents/Exodia_File/WinterGameJam/Content/Jeric/Character/MChar_Shoes_PrimaryColor.uasset" 151
"../../../../../../Users/User/Documents/Exodia_File/WinterGameJam/Content/Jeric/Character/MChar_Shoes_SecondaryColor.uasset" 152
"../../../../../../Users/User/Documents/Exodia_File/WinterGameJam/Content/Jeric/Character/MChar_Shoes_TertiaryColor.uasset" 153
"../../../../../../Users/User/Documents/Exodia_File/WinterGameJam/Content/Jeric/Character/MChar_Skin.uasset" 154
"../../../../../../Users/User/Documents/Exodia_File/WinterGameJam/Content/Jeric/Character/MainChar.uasset" 155
"../../../../../../Users/User/Documents/Exodia_File/WinterGameJam/Content/Jeric/Enemy/Enemy_PhysicsAsset.uasset" 156
"../../../../../../Users/User/Documents/Exodia_File/WinterGameJam/Content/Jeric/Environment/M_Black.uasset" 157
"../../../../../../Users/User/Documents/Exodia_File/WinterGameJam/Content/Jeric/Environment/Road_platform.uasset" 158
"../../../../../../Users/User/Documents/Exodia_File/WinterGameJam/Content/Jeric/Environment/Screenshot.uasset" 159
"../../../../../../Users/User/Documents/Exodia_File/WinterGameJam/Content/Jeric/Environment/Building2/Building2_0.uasset" 160
"../../../../../../Users/User/Documents/Exodia_File/WinterGameJam/Content/Jeric/Environment/Building3/Building3.uasset" 161
"../../../../../../Users/User/Documents/Exodia_File/WinterGameJam/Content/Jeric/Environment/Building3/M_Building3.uasset" 162
"../../../../../../Users/User/Documents/Exodia_File/WinterGameJam/Content/Jeric/Environment/Building3/Building3_0.uasset" 163
"../../../../../../Users/User/Documents/Exodia_File/WinterGameJam/Content/Jeric/Environment/Magnet/M_Magnet1.uasset" 164
"../../../../../../Users/User/Documents/Exodia_File/WinterGameJam/Content/Jeric/Environment/Magnet/Magnet.uasset" 165
"../../../../../../Users/User/Documents/Exodia_File/WinterGameJam/Content/Jeric/Mannequin/Character/Mesh/UE4_Mannequin_Skeleton.uasset" 166
"../../../../../../Users/User/Documents/Exodia_File/WinterGameJam/Content/Jeric/Mannequin/Animations/ThirdPersonJump_End.uasset" 167
"../../../Engine/Content/Functions/Engine_MaterialFunctions02/Utility/BlendAngleCorrectedNormals.uasset" 168
"../../../Engine/Content/Functions/MaterialLayerFunctions/MatLayerBlend_NormalBlend.uasset" 169
"../../../Engine/Content/Functions/MaterialLayerFunctions/MatLayerBlend_Simple.uasset" 170
"../../../../../../Users/User/Documents/Exodia_File/WinterGameJam/Content/Jeric/Mannequin/Character/Materials/MaterialLayers/T_ML_Rubber_Blue_01_D.uasset" 171
"../../../../../../Users/User/Documents/Exodia_File/WinterGameJam/Content/Jeric/Mannequin/Character/Materials/MaterialLayers/T_ML_Rubber_Blue_01_N.uasset" 172
"../../../../../../Users/User/Documents/Exodia_File/WinterGameJam/Content/Jeric/Mannequin/Character/Materials/MaterialLayers/ML_GlossyBlack_Latex_UE4.uasset" 173
"../../../../../../Users/User/Documents/Exodia_File/WinterGameJam/Content/Jeric/Mannequin/Character/Materials/MaterialLayers/ML_Plastic_Shiny_Beige.uasset" 174
"../../../../../../Users/User/Documents/Exodia_File/WinterGameJam/Content/Jeric/Mannequin/Character/Textures/UE4_LOGO_CARD.uasset" 175
"../../../../../../Users/User/Documents/Exodia_File/WinterGameJam/Content/Jeric/Mannequin/Character/Materials/MaterialLayers/ML_Plastic_Shiny_Beige_LOGO.uasset" 176
"../../../../../../Users/User/Documents/Exodia_File/WinterGameJam/Content/Jeric/Mannequin/Character/Materials/MaterialLayers/T_ML_Aluminum01.uasset" 177
"../../../../../../Users/User/Documents/Exodia_File/WinterGameJam/Content/Jeric/Mannequin/Character/Materials/MaterialLayers/T_ML_Aluminum01_N.uasset" 178
"../../../../../../Users/User/Documents/Exodia_File/WinterGameJam/Content/Jeric/Mannequin/Character/Materials/MaterialLayers/ML_SoftMetal_UE4.uasset" 179
"../../../../../../Users/User/Documents/Exodia_File/WinterGameJam/Content/Jeric/Mannequin/Character/Textures/UE4_Mannequin__normals.uasset" 180
"../../../../../../Users/User/Documents/Exodia_File/WinterGameJam/Content/Jeric/Mannequin/Character/Textures/UE4_Mannequin_MAT_MASKA.uasset" 181
"../../../../../../Users/User/Documents/Exodia_File/WinterGameJam/Content/Jeric/Mannequin/Character/Materials/M_UE4Man_Body.uasset" 182
"../../../Engine/Content/EngineMaterials/DefaultMaterial.uasset" 183
"../../../Engine/Content/BasicShapes/Cylinder.uasset" 184
"../../../../../../Users/User/Documents/Exodia_File/WinterGameJam/Content/Jeric/ThirdPersonBP/Blueprints/BP_Coins.uasset" 185
"../../../../../../Users/User/Documents/Exodia_File/WinterGameJam/Content/Jeric/Geometry/Meshes/CubeMaterial.uasset" 186
"../../../../../../Users/User/Documents/Exodia_File/WinterGameJam/Content/Jeric/Trash/Geometry/Meshes/1M_Cube.uasset" 187
"../../../../../../Users/User/Documents/Exodia_File/WinterGameJam/Content/Jeric/Trash/Geometry/Meshes/CubeMaterial.uasset" 188
"../../../../../../Users/User/Documents/Exodia_File/WinterGameJam/Content/Jeric/Trash/Mannequin/Animations/ThirdPersonIdle.uasset" 189
"../../../../../../Users/User/Documents/Exodia_File/WinterGameJam/Content/Jeric/Trash/Mannequin/Animations/ThirdPersonJump_Loop.uasset" 190
"../../../../../../Users/User/Documents/Exodia_File/WinterGameJam/Content/Jeric/Trash/Mannequin/Animations/ThirdPersonJump_Start.uasset" 191
"../../../../../../Users/User/Documents/Exodia_File/WinterGameJam/Content/Jeric/Trash/Mannequin/Animations/ThirdPersonRun.uasset" 192
"../../../../../../Users/User/Documents/Exodia_File/WinterGameJam/Content/Jeric/Trash/Mannequin/Animations/ThirdPersonWalk.uasset" 193
"../../../../../../Users/User/Documents/Exodia_File/WinterGameJam/Content/Jeric/Mannequin/Animations/ThirdPerson_Jump.uasset" 194
"../../../../../../Users/User/Documents/Exodia_File/WinterGameJam/Content/Jeric/Mannequin/Animations/ThirdPersonJump_Loop.uasset" 195
"../../../../../../Users/User/Documents/Exodia_File/WinterGameJam/Content/Jeric/Mannequin/Animations/ThirdPersonJump_Start.uasset" 196
"../../../../../../Users/User/Documents/Exodia_File/WinterGameJam/Content/Jeric/Mannequin/Animations/ThirdPersonIdle.uasset" 197
"../../../../../../Users/User/Documents/Exodia_File/WinterGameJam/Content/Jeric/Mannequin/Animations/ThirdPersonRun.uasset" 198
"../../../../../../Users/User/Documents/Exodia_File/WinterGameJam/Content/Jeric/Mannequin/Animations/ThirdPersonWalk.uasset" 199
"../../../../../../Users/User/Documents/Exodia_File/WinterGameJam/Content/Jeric/Mannequin/Animations/ThirdPerson_IdleRun_2D.uasset" 200
"../../../Engine/Content/EditorBlueprintResources/StandardMacros.uasset" 201
"../../../../../../Users/User/Documents/Exodia_File/WinterGameJam/Content/Jeric/Trash/Mannequin/Animations/ThirdPerson_AnimBP.uasset" 202
"../../../../../../Users/User/Documents/Exodia_File/WinterGameJam/Content/Jeric/Trash/Mannequin/Animations/ThirdPerson_IdleRun_2D.uasset" 203
"../../../../../../Users/User/Documents/Exodia_File/WinterGameJam/Content/Jeric/Trash/Mannequin/Animations/ThirdPerson_Jump.uasset" 204
"../../../../../../Users/User/Documents/Exodia_File/WinterGameJam/Content/Jeric/Trash/Mannequin/Character/Materials/M_UE4Man_Body.uasset" 205
"../../../../../../Users/User/Documents/Exodia_File/WinterGameJam/Content/Jeric/Mannequin/Character/Textures/UE4Man_Logo_N.uasset" 206
"../../../../../../Users/User/Documents/Exodia_File/WinterGameJam/Content/Jeric/Trash/Mannequin/Character/Materials/M_UE4Man_ChestLogo.uasset" 207
"../../../../../../Users/User/Documents/Exodia_File/WinterGameJam/Content/Jeric/Trash/Mannequin/Character/Materials/MaterialLayers/ML_GlossyBlack_Latex_UE4.uasset" 208
"../../../../../../Users/User/Documents/Exodia_File/WinterGameJam/Content/Jeric/Trash/Mannequin/Character/Materials/MaterialLayers/ML_Plastic_Shiny_Beige.uasset" 209
"../../../../../../Users/User/Documents/Exodia_File/WinterGameJam/Content/Jeric/Trash/Mannequin/Character/Materials/MaterialLayers/ML_Plastic_Shiny_Beige_LOGO.uasset" 210
"../../../../../../Users/User/Documents/Exodia_File/WinterGameJam/Content/Jeric/Trash/Mannequin/Character/Materials/MaterialLayers/ML_SoftMetal_UE4.uasset" 211
"../../../../../../Users/User/Documents/Exodia_File/WinterGameJam/Content/Jeric/Trash/Mannequin/Character/Materials/MaterialLayers/T_ML_Aluminum01.uasset" 212
"../../../../../../Users/User/Documents/Exodia_File/WinterGameJam/Content/Jeric/Trash/Mannequin/Character/Materials/MaterialLayers/T_ML_Aluminum01_N.uasset" 213
"../../../../../../Users/User/Documents/Exodia_File/WinterGameJam/Content/Jeric/Trash/Mannequin/Character/Materials/MaterialLayers/T_ML_Rubber_Blue_01_D.uasset" 214
"../../../../../../Users/User/Documents/Exodia_File/WinterGameJam/Content/Jeric/Trash/Mannequin/Character/Materials/MaterialLayers/T_ML_Rubber_Blue_01_N.uasset" 215
"../../../../../../Users/User/Documents/Exodia_File/WinterGameJam/Content/Jeric/Mannequin/Character/Materials/M_UE4Man_ChestLogo.uasset" 216
"../../../../../../Users/User/Documents/Exodia_File/WinterGameJam/Content/Jeric/Mannequin/Character/Mesh/SK_Mannequin_PhysicsAsset.uasset" 217
"../../../../../../Users/User/Documents/Exodia_File/WinterGameJam/Content/Jeric/Trash/Mannequin/Character/Mesh/SK_Mannequin.uasset" 218
"../../../../../../Users/User/Documents/Exodia_File/WinterGameJam/Content/Jeric/Trash/Mannequin/Character/Mesh/SK_Mannequin_PhysicsAsset.uasset" 219
"../../../../../../Users/User/Documents/Exodia_File/WinterGameJam/Content/Jeric/Trash/Mannequin/Character/Mesh/UE4_Mannequin_Skeleton.uasset" 220
"../../../../../../Users/User/Documents/Exodia_File/WinterGameJam/Content/Jeric/Trash/Mannequin/Character/Textures/UE4Man_Logo_N.uasset" 221
"../../../../../../Users/User/Documents/Exodia_File/WinterGameJam/Content/Jeric/Trash/Mannequin/Character/Textures/UE4_LOGO_CARD.uasset" 222
"../../../../../../Users/User/Documents/Exodia_File/WinterGameJam/Content/Jeric/Trash/Mannequin/Character/Textures/UE4_Mannequin_MAT_MASKA.uasset" 223
"../../../../../../Users/User/Documents/Exodia_File/WinterGameJam/Content/Jeric/Trash/Mannequin/Character/Textures/UE4_Mannequin__normals.uasset" 224
"../../../../../../Users/User/Documents/Exodia_File/WinterGameJam/Content/Jeric/Geometry/Meshes/1M_Cube.uasset" 225
"../../../../../../Users/User/Documents/Exodia_File/WinterGameJam/Content/Jeric/Trash/ThirdPersonBP/Blueprints/BP_Blocker.uasset" 226
"../../../../../../Users/User/Documents/Exodia_File/WinterGameJam/Content/Jeric/Mannequin/Animations/ThirdPerson_AnimBP.uasset" 227
"../../../../../../Users/User/Documents/Exodia_File/WinterGameJam/Content/Jeric/Mannequin/Character/Mesh/SK_Mannequin_Physics.uasset" 228
"../../../../../../Users/User/Documents/Exodia_File/WinterGameJam/Content/Jeric/Mannequin/Character/Mesh/SK_Mannequin.uasset" 229
"../../../../../../Users/User/Documents/Exodia_File/WinterGameJam/Content/Jeric/Trash/ThirdPersonBP/Blueprints/ThirdPersonCharacter.uasset" 230
"../../../../../../Users/User/Documents/Exodia_File/WinterGameJam/Content/NIVELLE/COLLECTABLESf.uasset" 231
"../../../../../../Users/User/Documents/Exodia_File/WinterGameJam/Content/NIVELLE/M_Item.uasset" 232
"../../../../../../Users/User/Documents/Exodia_File/WinterGameJam/Content/NIVELLE/Collectables_.uasset" 233
"../../../../../../Users/User/Documents/Exodia_File/WinterGameJam/Content/Jeric/ThirdPersonBP/Blueprints/BP_Item.uasset" 234
"../../../../../../Users/User/Documents/Exodia_File/WinterGameJam/Content/Jeric/ThirdPersonBP/Blueprints/BP_Magnet.uasset" 235
"../../../../../../Users/User/Documents/Exodia_File/WinterGameJam/Content/Jeric/Environment/Building3_0.uasset" 236
"../../../../../../Users/User/Documents/Exodia_File/WinterGameJam/Content/Jeric/ThirdPersonBP/Blueprints/BP_FloorTile_RampDown.uasset" 237
"../../../../../../Users/User/Documents/Exodia_File/WinterGameJam/Content/Jeric/Environment/Obstacle/T_Obstacle.uasset" 238
"../../../../../../Users/User/Documents/Exodia_File/WinterGameJam/Content/Jeric/Environment/Obstacle/M_Obstacle.uasset" 239
"../../../../../../Users/User/Documents/Exodia_File/WinterGameJam/Content/Jeric/Environment/Obstacle/Obstacle.uasset" 240
"../../../../../../Users/User/Documents/Exodia_File/WinterGameJam/Content/Jeric/ThirdPersonBP/Blueprints/BP_Box.uasset" 241
"../../../../../../Users/User/Documents/Exodia_File/WinterGameJam/Content/Jeric/ThirdPersonBP/Blueprints/BP_FloorTile_RampUp.uasset" 242
"../../../../../../Users/User/Documents/Exodia_File/WinterGameJam/Content/Jeric/UMG/RunHud.uasset" 243
"../../../../../../Users/User/Documents/Exodia_File/WinterGameJam/Content/Jeric/ThirdPersonBP/Blueprints/ThirdPersonGameMode.uasset" 244
"../../../../../../Users/User/Documents/Exodia_File/WinterGameJam/Content/Jeric/Environment/Building1/Building1.uasset" 245
"../../../../../../Users/User/Documents/Exodia_File/WinterGameJam/Content/Jeric/Environment/Building1/M_Building1.uasset" 246
"../../../../../../Users/User/Documents/Exodia_File/WinterGameJam/Content/Jeric/Environment/Building2/Building3.uasset" 247
"../../../../../../Users/User/Documents/Exodia_File/WinterGameJam/Content/Jeric/Environment/Building2/M_Building2.uasset" 248
"../../../../../../Users/User/Documents/Exodia_File/WinterGameJam/Content/Jeric/Environment/Road_Fixed.uasset" 249
"../../../../../../Users/User/Documents/Exodia_File/WinterGameJam/Content/Jeric/Environment/M_Road.uasset" 250
"../../../../../../Users/User/Documents/Exodia_File/WinterGameJam/Content/Jeric/Environment/Building2/Building2.uasset" 251
"../../../../../../Users/User/Documents/Exodia_File/WinterGameJam/Content/Jeric/Environment/Road.uasset" 252
"../../../../../../Users/User/Documents/Exodia_File/WinterGameJam/Content/Jeric/ThirdPersonBP/Blueprints/BP_FloorTile.uasset" 253
"../../../../../../Users/User/Documents/Exodia_File/WinterGameJam/Content/Jeric/Trash/ThirdPersonBP/Blueprints/ThirdPersonGameMode.uasset" 254
"../../../../../../Users/User/Documents/Exodia_File/WinterGameJam/Content/Jeric/Trash/UMG/RunHud.uasset" 255
"../../../../../../Users/User/Documents/Exodia_File/WinterGameJam/Content/Jeric/UMG/Health1.uasset" 256
"../../../../../../Users/User/Documents/Exodia_File/WinterGameJam/Content/Jeric/UMG/WB_Countdown.uasset" 257
"../../../../../../Users/User/Documents/Exodia_File/WinterGameJam/Content/Jeric/UMG/WB_Dead.uasset" 258
"../../../../../../Users/User/Documents/Exodia_File/WinterGameJam/Content/Jeric/UMG/WB_DodgeL.uasset" 259
"../../../../../../Users/User/Documents/Exodia_File/WinterGameJam/Content/Jeric/UMG/WB_DodgeR.uasset" 260
"../../../../../../Users/User/Documents/Exodia_File/WinterGameJam/Content/Jeric/UMG/WB_Pause.uasset" 261
"../../../../../../Users/User/Documents/Exodia_File/WinterGameJam/Content/NIVELLE/Attack.uasset" 262
"../../../../../../Users/User/Documents/Exodia_File/WinterGameJam/Content/NIVELLE/Enum_MainMenu.uasset" 263
"../../../Engine/Content/Functions/Engine_MaterialFunctions02/Utility/VectorLength.uasset" 264
"../../../../../../Users/User/Documents/Exodia_File/WinterGameJam/Content/NIVELLE/fogeffect.uasset" 265
"../../../../../../Users/User/Documents/Exodia_File/WinterGameJam/Content/NIVELLE/fogeffect_Inst.uasset" 266
"../../../../../../Users/User/Documents/Exodia_File/WinterGameJam/Content/NIVELLE/Swordf.uasset" 267
"../../../../../../Users/User/Documents/Exodia_File/WinterGameJam/Content/NIVELLE/lambert2.uasset" 268
"../../../../../../Users/User/Documents/Exodia_File/WinterGameJam/Content/NIVELLE/MainChar_JumpEnd.uasset" 269
"../../../../../../Users/User/Documents/Exodia_File/WinterGameJam/Content/NIVELLE/MainChar_JumpLoop.uasset" 270
"../../../../../../Users/User/Documents/Exodia_File/WinterGameJam/Content/NIVELLE/MainChar_JumpStart.uasset" 271
"../../../../../../Users/User/Documents/Exodia_File/WinterGameJam/Content/NIVELLE/Move.uasset" 272
"../../../../../../Users/User/Documents/Exodia_File/WinterGameJam/Content/NIVELLE/Sword.uasset" 273
"../../../Engine/Content/ArtTools/RenderToTexture/Meshes/S_1_Unit_Plane.uasset" 274
"../../../Engine/Content/BasicShapes/Cone.uasset" 275
"../../../Engine/Content/BasicShapes/Plane.uasset" 276
"../../../Engine/Content/EditorLandscapeResources/DataLayer.uasset" 277
"../../../Engine/Content/EditorLandscapeResources/DefaultAlphaTexture.uasset" 278
"../../../Engine/Content/EditorMaterials/GizmoMaterial.uasset" 279
"../../../Engine/Content/EditorMaterials/MAT_Groups_Toggle.uasset" 280
"../../../Engine/Content/EditorMaterials/MAT_Groups_Visibility.uasset" 281
"../../../Engine/Content/EditorMaterials/PreviewShadowIndicator.uasset" 282
"../../../Engine/Content/EditorMaterials/PreviewShadowIndicatorMaterial.uasset" 283
"../../../Engine/Content/EditorMaterials/MatineeGroups/MAT_ColorTrack.uasset" 284
"../../../Engine/Content/EditorMaterials/MatineeGroups/MAT_Groups_Anim.uasset" 285
"../../../Engine/Content/EditorMaterials/MatineeGroups/MAT_Groups_AudioMaster.uasset" 286
"../../../Engine/Content/EditorMaterials/MatineeGroups/MAT_Groups_Director.uasset" 287
"../../../Engine/Content/EditorMaterials/MatineeGroups/MAT_Groups_Event.uasset" 288
"../../../Engine/Content/EditorMaterials/MatineeGroups/MAT_Groups_Fade.uasset" 289
"../../../Engine/Content/EditorMaterials/MatineeGroups/MAT_Groups_Float.uasset" 290
"../../../Engine/Content/EditorMaterials/MatineeGroups/MAT_Groups_Move.uasset" 291
"../../../Engine/Content/EditorMaterials/MatineeGroups/MAT_Groups_Slomo.uasset" 292
"../../../Engine/Content/EditorMaterials/MatineeGroups/MAT_Groups_Sound.uasset" 293
"../../../Engine/Content/EditorMaterials/MatineeGroups/MAT_Groups_Vector.uasset" 294
"../../../Engine/Content/EditorMaterials/ParticleSystems/PSysThumbnail_NoImage.uasset" 295
"../../../Engine/Content/EditorMaterials/ParticleSystems/PSysThumbnail_OOD.uasset" 296
"../../../Engine/Content/EditorMaterials/Camera/CineMat.uasset" 297
"../../../Engine/Content/EditorMaterials/Camera/MI_CineMat_Rig.uasset" 298
"../../../Engine/Content/EditorMeshes/Camera/SM_CraneRig_Arm.uasset" 299
"../../../Engine/Content/EditorMeshes/Camera/SM_CraneRig_Base.uasset" 300
"../../../Engine/Content/EditorMeshes/Camera/SM_CraneRig_Body.uasset" 301
"../../../Engine/Content/EditorMeshes/Camera/SM_CraneRig_Mount.uasset" 302
"../../../Engine/Content/EditorMeshes/Camera/SM_RailRig_Mount.uasset" 303
"../../../Engine/Content/EditorMeshes/Camera/SM_RailRig_Track.uasset" 304
"../../../Engine/Content/EditorResources/BSPVertex.uasset" 305
"../../../Engine/Content/EditorResources/EmptyActor.uasset" 306
"../../../Engine/Content/EditorResources/S_Actor.uasset" 307
"../../../Engine/Content/EditorResources/S_Terrain.uasset" 308
"../../../Engine/Content/EditorResources/S_Trigger.uasset" 309
"../../../Engine/Content/EditorResources/LightIcons/S_LightError.uasset" 310
"../../../Engine/Content/EditorResources/SequenceRecorder/Countdown.uasset" 311
"../../../Engine/Content/EditorResources/SequenceRecorder/RecordingIndicator.uasset" 312
"../../../Engine/Content/EditorSounds/Notifications/CompileFailed.uasset" 313
"../../../Engine/Content/EditorSounds/Notifications/CompileFailed_Cue.uasset" 314
"../../../Engine/Content/EditorSounds/Notifications/CompileSuccess.uasset" 315
"../../../Engine/Content/EditorSounds/Notifications/CompileStart_Cue.uasset" 316
"../../../Engine/Content/EditorSounds/Notifications/CompileSuccess_Cue.uasset" 317
"../../../Engine/Content/EngineDamageTypes/DmgTypeBP_Environmental.uasset" 318
"../../../Engine/Content/EngineDebugMaterials/HeatmapGradient.uasset" 319
"../../../Engine/Content/EngineDebugMaterials/BoneWeightMaterial.uasset" 320
"../../../Engine/Content/EngineDebugMaterials/ClothMaterial.uasset" 321
"../../../Engine/Content/EngineDebugMaterials/ClothMaterial_WF.uasset" 322
"../../../Engine/Content/EngineDebugMaterials/DebugEditorMaterial.uasset" 323
"../../../Engine/Content/EngineDebugMaterials/DebugMeshMaterial.uasset" 324
"../../../Engine/Content/EngineDebugMaterials/GeomMaterial.uasset" 325
"../../../Engine/Content/EngineDebugMaterials/M_SimpleTranslucent.uasset" 326
"../../../Engine/Content/EngineFonts/Faces/RobotoBold.uasset" 327
"../../../Engine/Content/EngineFonts/Faces/RobotoBoldItalic.uasset" 328
"../../../Engine/Content/EngineFonts/Faces/RobotoItalic.uasset" 329
"../../../Engine/Content/EngineFonts/Faces/RobotoLight.uasset" 330
"../../../Engine/Content/EngineFonts/Faces/RobotoRegular.uasset" 331
"../../../Engine/Content/EngineFonts/Roboto.uasset" 332
"../../../Engine/Content/EngineFonts/Faces/RobotoTiny.uasset" 333
"../../../Engine/Content/EngineFonts/RobotoTiny.uasset" 334
"../../../Engine/Content/EngineMaterials/BaseFlattenDiffuseMap.uasset" 335
"../../../Engine/Content/EngineMaterials/BaseFlattenEmissiveMap.uasset" 336
"../../../Engine/Content/EngineMaterials/BaseFlattenGrayscaleMap.uasset" 337
"../../../Engine/Content/EngineMaterials/BaseFlattenNormalMap.uasset" 338
"../../../Engine/Content/EngineMaterials/BaseFlattenMaterial.uasset" 339
"../../../Engine/Content/EngineMaterials/DefaultBloomKernel.uasset" 340
"../../../Engine/Content/EngineMaterials/DefaultBokeh.uasset" 341
"../../../Engine/Content/EngineMaterials/DefaultDiffuse.uasset" 342
"../../../Engine/Content/EngineMaterials/DefaultDeferredDecalMaterial.uasset" 343
"../../../Engine/Content/EngineMaterials/DefaultLightFunctionMaterial.uasset" 344
"../../../Engine/Content/EngineMaterials/DefaultPostProcessMaterial.uasset" 345
"../../../Engine/Content/EngineFonts/RobotoDistanceField.uasset" 346
"../../../Engine/Content/EngineMaterials/DefaultTextMaterialOpaque.uasset" 347
"../../../Engine/Content/EngineMaterials/DefaultWhiteGrid.uasset" 348
"../../../Engine/Content/EngineMaterials/EditorBrushMaterial.uasset" 349
"../../../Engine/Content/EngineMaterials/Good64x64TilingNoiseHighFreq.uasset" 350
"../../../Engine/Content/EngineMaterials/MiniFont.uasset" 351
"../../../Engine/Content/EngineMaterials/InvalidLightmapSettings.uasset" 352
"../../../Engine/Content/EngineMaterials/M_InvalidLightmapSettings.uasset" 353
"../../../Engine/Content/Functions/Engine_MaterialFunctions02/WorldPositionOffset/CameraOffset.uasset" 354
"../../../Engine/Content/EngineMaterials/PhAT_JointLimitMaterial.uasset" 355
"../../../Engine/Content/EngineMaterials/PreintegratedSkinBRDF.uasset" 356
"../../../Engine/Content/EngineMaterials/RemoveSurfaceMaterial.uasset" 357
"../../../Engine/Content/EngineMaterials/WeightMapPlaceholderTexture.uasset" 358
"../../../Engine/Content/EngineResources/WhiteSquareTexture.uasset" 359
"../../../Engine/Content/EngineMaterials/Widget3DPassThrough.uasset" 360
"../../../Engine/Content/EngineMaterials/Widget3DPassThrough_Masked.uasset" 361
"../../../Engine/Content/EngineMaterials/Widget3DPassThrough_Opaque.uasset" 362
"../../../Engine/Content/EngineMaterials/Widget3DPassThrough_Masked_OneSided.uasset" 363
"../../../Engine/Content/EngineMaterials/Widget3DPassThrough_Opaque_OneSided.uasset" 364
"../../../Engine/Content/EngineMaterials/Widget3DPassThrough_Translucent.uasset" 365
"../../../Engine/Content/EngineMaterials/Widget3DPassThrough_Translucent_OneSided.uasset" 366
"../../../Engine/Content/EngineMeshes/Cylinder.uasset" 367
"../../../Engine/Content/EngineMeshes/Sphere.uasset" 368
"../../../Engine/Content/EngineResources/Black.uasset" 369
"../../../Engine/Content/EngineResources/DefaultTexture.uasset" 370
"../../../Engine/Content/EngineResources/DefaultTextureCube.uasset" 371
"../../../Engine/Content/EngineResources/DefaultVolumeTexture2D.uasset" 372
"../../../Engine/Content/EngineResources/DefaultVolumeTexture.uasset" 373
"../../../Engine/Content/EngineResources/GradientTexture0.uasset" 374
"../../../Engine/Content/EngineSounds/Master.uasset" 375
"../../../Engine/Content/Functions/Engine_MaterialFunctions01/Shading/ConvertFromDiffSpec.uasset" 376
"../../../Engine/Content/Functions/Engine_MaterialFunctions01/Shading/PowerToRoughness.uasset" 377
"../../../Engine/Content/Maps/Templates/Thumbnails/Default.uasset" 378
"../../../Engine/Content/Maps/Templates/Thumbnails/VR-Basic.uasset" 379
"../../../Engine/Content/MobileResources/T_MobileControls_texture.uasset" 380
"../../../Engine/Content/MobileResources/T_MobileMenu2.uasset" 381
"../../../Engine/Content/MobileResources/HUD/AnalogHat.uasset" 382
"../../../Engine/Content/MobileResources/HUD/VirtualJoystick_Background.uasset" 383
"../../../Engine/Content/MobileResources/HUD/VirtualJoystick_Thumb.uasset" 384
"../../../Engine/Content/MobileResources/HUD/DefaultVirtualJoysticks.uasset" 385
"../../../Engine/Content/MobileResources/HUD/LeftVirtualJoystickOnly.uasset" 386
"../../../Engine/Content/MobileResources/HUD/MobileHUDButton1_off.uasset" 387
"../../../Engine/Content/MobileResources/HUD/MobileHUDButton1_on.uasset" 388
"../../../Engine/Content/MobileResources/HUD/MobileHUDButton2_off.uasset" 389
"../../../Engine/Content/MobileResources/HUD/MobileHUDButton2_on.uasset" 390
"../../../Engine/Content/MobileResources/HUD/MobileHUDButton3.uasset" 391
"../../../Engine/Content/MobileResources/HUD/MobileHUDButtonFire.uasset" 392
"../../../Engine/Content/MobileResources/HUD/MobileHUDDirectionPad.uasset" 393
"../../../Engine/Content/MobileResources/HUD/MobileHUDDirectionPad2.uasset" 394
"../../../Engine/Content/MobileResources/HUD/MobileHUDDirectionPad3.uasset" 395
"../../../Engine/Content/MobileResources/HUD/MobileHUDDirectionStick.uasset" 396
"../../../Engine/Content/MobileResources/HUD/T_Castle_ThumbstickInner.uasset" 397
"../../../Engine/Content/MobileResources/HUD/T_Castle_ThumbstickOutter.uasset" 398
"../../../Engine/Content/Tutorial/ContentIntroCurve.uasset" 399
"../../../Engine/Content/VREditor/LaserPointer/VR_LaserPower_01.uasset" 400
"../../../Engine/Content/VREditor/TransformGizmo/TransformGizmoMaterial.uasset" 401
"../../../Engine/Content/VREditor/TransformGizmo/TranslucentTransformGizmoMaterial.uasset" 402
"../../../Engine/Content/VREditor/TransformGizmo/BoundingBoxCorner.uasset" 403
"../../../Engine/Content/VREditor/TransformGizmo/BoundingBoxEdge.uasset" 404
"../../../Engine/Content/VREditor/TransformGizmo/PlaneTranslationHandle.uasset" 405
"../../../Engine/Content/VREditor/TransformGizmo/Main.uasset" 406
"../../../Engine/Content/VREditor/TransformGizmo/Xray.uasset" 407
"../../../Engine/Content/VREditor/TransformGizmo/SM_Sequencer_Key.uasset" 408
"../../../Engine/Content/VREditor/TransformGizmo/SM_Sequencer_Node.uasset" 409
"../../Plugins/2D/Paper2D/Content/PlaceholderTextures/DummySpriteTexture.uasset" 410
"../../Plugins/2D/Paper2D/Content/DummySprite.uasset" 411
"../../Plugins/2D/Paper2D/Content/DefaultPaperTerrainMaterial.uasset" 412
"../../Plugins/2D/Paper2D/Content/DefaultSpriteMaterial.uasset" 413
"../../Plugins/2D/Paper2D/Content/MaskedUnlitSpriteMaterial.uasset" 414
"../../Plugins/2D/Paper2D/Content/OpaqueUnlitSpriteMaterial.uasset" 415
"../../../Engine/Content/Functions/Engine_MaterialFunctions01/Texturing/FlattenNormal.uasset" 416
"../../../Engine/Content/EngineMaterials/FlatNormal.uasset" 417
"../../Plugins/Enterprise/DatasmithContent/Content/Materials/CE_BaseMaster.uasset" 418
"../../Plugins/Enterprise/DatasmithContent/Content/Materials/CE_OpacityMaster.uasset" 419
"../../Plugins/Enterprise/DatasmithContent/Content/Materials/CE_OpacitySimpleMaster.uasset" 420
"../../Plugins/Enterprise/DatasmithContent/Content/Materials/CE_OpaqueMaster.uasset" 421
"../../../Engine/Content/Functions/Engine_MaterialFunctions01/Texturing/ComputeMipLevel.uasset" 422
"../../../Engine/Content/Functions/Engine_MaterialFunctions01/Texturing/TextureCropping.uasset" 423
"../../../Engine/Content/Functions/Engine_MaterialFunctions02/ExampleContent/DebugNumberStrip.uasset" 424
"../../../Engine/Content/Functions/Engine_MaterialFunctions02/ExampleContent/Textures/DebugNumberPeriod.uasset" 425
"../../../Engine/Content/Functions/Engine_MaterialFunctions02/Utility/DebugScalarValues.uasset" 426
"../../../Engine/Content/Functions/Engine_MaterialFunctions02/Utility/DebugFloat3Values.uasset" 427
"../../../Engine/Content/Functions/Engine_MaterialFunctions02/Math/RGBtoHSV.uasset" 428
"../../../Engine/Content/Functions/Engine_MaterialFunctions02/Utility/BreakOutFloat4Components.uasset" 429
"../../../Engine/Content/Functions/Engine_MaterialFunctions02/Utility/DebugFloat4Values.uasset" 430
"../../Plugins/Enterprise/DatasmithContent/Content/Materials/Datasmith_Color.uasset" 431
"../../../Engine/Content/Functions/Engine_MaterialFunctions02/ExampleContent/Textures/flipbook.uasset" 432
"../../Plugins/Enterprise/DatasmithContent/Content/Materials/ExtractColor.uasset" 433
"../../Plugins/Enterprise/DatasmithContent/Content/Materials/TileMirrorAxis.uasset" 434
"../../../Engine/Content/Functions/Engine_MaterialFunctions02/Texturing/CustomRotator.uasset" 435
"../../Plugins/Enterprise/DatasmithContent/Content/Materials/UVEdit.uasset" 436
"../../Plugins/Enterprise/DatasmithContent/Content/Materials/Datasmith_Material.uasset" 437
"../../../Engine/Content/Functions/Engine_MaterialFunctions03/Procedurals/NormalFromHeightmap.uasset" 438
"../../../Engine/Content/ArtTools/RenderToTexture/Textures/127grey.uasset" 439
"../../Plugins/Enterprise/DatasmithContent/Content/Materials/RevitMaster.uasset" 440
"../../Plugins/Enterprise/DatasmithContent/Content/Materials/SketchUpMaster.uasset" 441
"../../Plugins/Enterprise/DatasmithContent/Content/Materials/FBXImporter/DeltaGenUVEdit.uasset" 442
"../../Plugins/Enterprise/DatasmithContent/Content/Materials/FBXImporter/DeltaGenBase.uasset" 443
"../../../Engine/Content/EngineMaterials/T_Default_Normal.uasset" 444
"../../Plugins/Enterprise/DatasmithContent/Content/Materials/FBXImporter/DeltaGenMaster.uasset" 445
"../../Plugins/Enterprise/DatasmithContent/Content/Materials/FBXImporter/DeltaGenMasterTransparent.uasset" 446
"../../Plugins/Enterprise/DatasmithContent/Content/Materials/FBXImporter/VREDUVEdit.uasset" 447
"../../Plugins/Enterprise/DatasmithContent/Content/Materials/FBXImporter/VREDBase.uasset" 448
"../../Plugins/Enterprise/DatasmithContent/Content/Materials/FBXImporter/VREDMaster.uasset" 449
"../../Plugins/Enterprise/DatasmithContent/Content/Materials/FBXImporter/VREDMasterTransparent.uasset" 450
"../../Plugins/Runtime/Oculus/OculusVR/Content/Materials/PokeAHoleMaterial.uasset" 451
"../../Plugins/Runtime/Oculus/OculusVR/Content/Textures/GearVRController_AO.uasset" 452
"../../Plugins/Runtime/Oculus/OculusVR/Content/Textures/GearVRController_Color.uasset" 453
"../../Plugins/Runtime/Oculus/OculusVR/Content/Textures/GearVRController_Normal.uasset" 454
"../../Plugins/Runtime/Oculus/OculusVR/Content/Materials/GearVRControllerMaterial.uasset" 455
"../../Plugins/Runtime/Oculus/OculusVR/Content/Meshes/GearVrController.uasset" 456
"../../Plugins/Runtime/Oculus/OculusVR/Content/Textures/touchController_albedo.uasset" 457
"../../Plugins/Runtime/Oculus/OculusVR/Content/Textures/touchController_controlmap.uasset" 458
"../../Plugins/Runtime/Oculus/OculusVR/Content/Materials/touchController_mat.uasset" 459
"../../Plugins/Runtime/Oculus/OculusVR/Content/Meshes/LeftTouchController.uasset" 460
"../../Plugins/Runtime/Oculus/OculusVR/Content/Meshes/RiftHMD.uasset" 461
"../../Plugins/Runtime/Oculus/OculusVR/Content/Meshes/RightTouchController.uasset" 462
"../../../Enterprise/Plugins/Editor/StaticMeshEditorExtension/Content/HoveredFaceMaterial.uasset" 463
"../../../Enterprise/Plugins/Editor/StaticMeshEditorExtension/Content/HoveredGeometryMaterial.uasset" 464
"../../../Enterprise/Plugins/Editor/StaticMeshEditorExtension/Content/WireWorldOffset.uasset" 465
"../../../Enterprise/Plugins/Editor/StaticMeshEditorExtension/Content/OverlayLineMaterial.uasset" 466
"../../../Enterprise/Plugins/Editor/StaticMeshEditorExtension/Content/OverlayPointMaterial.uasset" 467
"../../../Enterprise/Plugins/Editor/StaticMeshEditorExtension/Content/WireMaterial.uasset" 468
"../../../Enterprise/Plugins/Editor/StaticMeshEditorExtension/Content/WireMaterialBaseCage.uasset" 469
"../../../Engine/Content/EngineSky/C_Sky_Cloud_Color.uasset" 470
"../../../Engine/Content/EngineSky/C_Sky_Horizon_Color.uasset" 471
"../../../Engine/Content/EngineSky/C_Sky_Zenith_Color.uasset" 472
"../../../Engine/Content/EngineSky/T_Sky_Blue.uasset" 473
"../../../Engine/Content/EngineSky/T_Sky_Clouds_M.uasset" 474
"../../../Engine/Content/EngineSky/T_Sky_Stars.uasset" 475
"../../../Engine/Content/EngineSky/M_Sky_Panning_Clouds2.uasset" 476
"../../../Engine/Content/EngineSky/SM_SkySphere.uasset" 477
"../../../Engine/Content/EngineSky/BP_Sky_Sphere.uasset" 478
"../../../../../../Users/User/Documents/Exodia_File/WinterGameJam/Content/Jeff/Images/Credits_normal_.uasset" 479
"../../../../../../Users/User/Documents/Exodia_File/WinterGameJam/Content/Jeff/Blueprints/WidgetBP/Okay/CreditsLogo_WB.uasset" 480
"../../../../../../Users/User/Documents/Exodia_File/WinterGameJam/Content/Jeff/Blueprints/WidgetBP/Okay/CreditsLogo_BP.uasset" 481
"../../../../../../Users/User/Documents/Exodia_File/WinterGameJam/Content/Jeff/Images/Quit_game_normal_.uasset" 482
"../../../../../../Users/User/Documents/Exodia_File/WinterGameJam/Content/Jeff/Blueprints/WidgetBP/Okay/QuitGame_WB.uasset" 483
"../../../../../../Users/User/Documents/Exodia_File/WinterGameJam/Content/Jeff/Blueprints/WidgetBP/Okay/QuitGame_BP.uasset" 484
"../../../../../../Users/User/Documents/Exodia_File/WinterGameJam/Content/Jeff/Images/PLAY_GAME_NORMAL1.uasset" 485
"../../../../../../Users/User/Documents/Exodia_File/WinterGameJam/Content/Jeff/Blueprints/WidgetBP/Okay/StartGame_WB.uasset" 486
"../../../../../../Users/User/Documents/Exodia_File/WinterGameJam/Content/Jeff/Blueprints/WidgetBP/Okay/StartGame_BP.uasset" 487
"../../../../../../Users/User/Documents/Exodia_File/WinterGameJam/Content/Jeff/Maps/MainMenuLevel_BuiltData.uasset" 488
"../../../../../../Users/User/Documents/Exodia_File/WinterGameJam/Content/Jeff/Blueprints/EnumBP/ArrowKeysEnum_BP.uasset" 489
"../../../../../../Users/User/Documents/Exodia_File/WinterGameJam/Content/Jeff/Images/PLAY_GAME__Clicked_.uasset" 490
"../../../../../../Users/User/Documents/Exodia_File/WinterGameJam/Content/Jeff/Images/Ui_title.uasset" 491
"../../../../../../Users/User/Documents/Exodia_File/WinterGameJam/Content/Jeff/Blueprints/WidgetBP/Okay/TitleScreen_WB.uasset" 492
"../../../../../../Users/User/Documents/Exodia_File/WinterGameJam/Content/NIVELLE/Main_Menu.uasset" 493
"../../../../../../Users/User/Documents/Exodia_File/WinterGameJam/Content/Jeff/Maps/MainMenuLevel.umap" 494
"../../../../../../Users/User/Documents/Exodia_File/WinterGameJam/Content/Jeric/Stage1_BuiltData.uasset" 495
"../../../../../../Users/User/Documents/Exodia_File/WinterGameJam/Content/StarterContent/Textures/T_Fire_Tiled_D.uasset" 496
"../../../../../../Users/User/Documents/Exodia_File/WinterGameJam/Content/StarterContent/Textures/T_Rock_Basalt_N.uasset" 497
"../../../../../../Users/User/Documents/Exodia_File/WinterGameJam/Content/NIVELLE/Mat_Lava.uasset" 498
"../../../../../../Users/User/Documents/Exodia_File/WinterGameJam/Content/NIVELLE/Mat_ILava.uasset" 499
"../../../Engine/Content/EngineMaterials/DefaultPhysicalMaterial.uasset" 500
"../../../../../../Users/User/Documents/Exodia_File/WinterGameJam/Content/Jeff/Images/Game_Paused_UI.uasset" 501
"../../../../../../Users/User/Documents/Exodia_File/WinterGameJam/Content/Jeff/Blueprints/WidgetBP/Okay/PauseMenu_WB.uasset" 502
"../../../../../../Users/User/Documents/Exodia_File/WinterGameJam/Content/NIVELLE/Ingame.uasset" 503
"../../../../../../Users/User/Documents/Exodia_File/WinterGameJam/Content/Jeric/Stage1.umap" 504
"../../../../../../Users/User/Documents/Exodia_File/WinterGameJam/Content/Jeric/Environment/M_Yellow.uasset" 505
"../../../Engine/Content/BasicShapes/Sphere.uasset" 506
"../../../../../../Users/User/Documents/Exodia_File/WinterGameJam/Content/Jeric/Environment/BP_Regen.uasset" 507
"../../../../../../Users/User/Documents/Exodia_File/WinterGameJam/Content/Jeric/ThirdPersonBP/Blueprints/BP_FloorTut.uasset" 508
"../../../../../../Users/User/Documents/Exodia_File/WinterGameJam/Content/Jeric/Tutorial_BuiltData.uasset" 509
"../../../../../../Users/User/Documents/Exodia_File/WinterGameJam/Content/Jeff/Images/Latest/TUTORIAL_LOADING_SCREEN.uasset" 510
"../../../../../../Users/User/Documents/Exodia_File/WinterGameJam/Content/Jeff/Blueprints/WidgetBP/WB_Tut.uasset" 511
"../../../../../../Users/User/Documents/Exodia_File/WinterGameJam/Content/Jeric/Tutorial.umap" 512
"../../../../../../Users/User/Documents/Exodia_File/WinterGameJam/Content/Jeric/ThirdPersonBP/Maps/ThirdPersonExampleMap_BuiltData.uasset" 513
"../../../../../../Users/User/Documents/Exodia_File/WinterGameJam/Content/Jeric/Geometry/Meshes/1M_Cube_Chamfer.uasset" 514
"../../../../../../Users/User/Documents/Exodia_File/WinterGameJam/Content/Jeric/Geometry/Meshes/TemplateFloor.uasset" 515
"../../../../../../Users/User/Documents/Exodia_File/WinterGameJam/Content/Jeric/ThirdPerson/Meshes/RampMaterial.uasset" 516
"../../../../../../Users/User/Documents/Exodia_File/WinterGameJam/Content/Jeric/ThirdPerson/Meshes/Bump_StaticMesh.uasset" 517
"../../../../../../Users/User/Documents/Exodia_File/WinterGameJam/Content/Jeric/ThirdPerson/Meshes/LeftArm_StaticMesh.uasset" 518
"../../../../../../Users/User/Documents/Exodia_File/WinterGameJam/Content/Jeric/ThirdPerson/Meshes/Linear_Stair_StaticMesh.uasset" 519
"../../../../../../Users/User/Documents/Exodia_File/WinterGameJam/Content/Jeric/ThirdPerson/Meshes/Ramp_StaticMesh.uasset" 520
"../../../../../../Users/User/Documents/Exodia_File/WinterGameJam/Content/Jeric/ThirdPerson/Meshes/RightArm_StaticMesh.uasset" 521
"../../../../../../Users/User/Documents/Exodia_File/WinterGameJam/Content/Jeric/ThirdPersonBP/Maps/ThirdPersonExampleMap.umap" 522
"../../../Engine/Content/Maps/Entry_BuiltData.uasset" 523
"../../../Engine/Content/Maps/Entry.umap" 524
"../../../Engine/Content/Maps/Templates/Template_Default_BuiltData.uasset" 525
"../../../Engine/Content/MapTemplates/SM_Template_Map_Floor.uasset" 526
"../../../Engine/Content/Maps/Templates/Template_Default.umap" 527
