"../../../Engine/Content/Functions/Engine_MaterialFunctions01/Opacity/CameraDepthFade.uasset" 0
"../../../Engine/Content/EngineMaterials/T_Default_Material_Grid_M.uasset" 1
"../../../Engine/Content/EngineMaterials/T_Default_Material_Grid_N.uasset" 2
"../../../Engine/Content/EngineMaterials/WorldGridMaterial.uasset" 3
"../../../Engine/Content/ArtTools/RenderToTexture/Meshes/S_1_Unit_Plane.uasset" 4
"../../../Engine/Content/EngineMaterials/DefaultMaterial.uasset" 5
"../../../Engine/Content/BasicShapes/Cone.uasset" 6
"../../../Engine/Content/BasicShapes/Cylinder.uasset" 7
"../../../Engine/Content/BasicShapes/Plane.uasset" 8
"../../../Engine/Content/EditorLandscapeResources/DataLayer.uasset" 9
"../../../Engine/Content/EditorLandscapeResources/DefaultAlphaTexture.uasset" 10
"../../../Engine/Content/EditorMaterials/GizmoMaterial.uasset" 11
"../../../Engine/Content/EditorMaterials/MAT_Groups_Toggle.uasset" 12
"../../../Engine/Content/EditorMaterials/MAT_Groups_Visibility.uasset" 13
"../../../Engine/Content/EditorMaterials/PreviewShadowIndicator.uasset" 14
"../../../Engine/Content/EditorMaterials/PreviewShadowIndicatorMaterial.uasset" 15
"../../../Engine/Content/EditorMaterials/MatineeGroups/MAT_ColorTrack.uasset" 16
"../../../Engine/Content/EditorMaterials/MatineeGroups/MAT_Groups_Anim.uasset" 17
"../../../Engine/Content/EditorMaterials/MatineeGroups/MAT_Groups_AudioMaster.uasset" 18
"../../../Engine/Content/EditorMaterials/MatineeGroups/MAT_Groups_Director.uasset" 19
"../../../Engine/Content/EditorMaterials/MatineeGroups/MAT_Groups_Event.uasset" 20
"../../../Engine/Content/EditorMaterials/MatineeGroups/MAT_Groups_Fade.uasset" 21
"../../../Engine/Content/EditorMaterials/MatineeGroups/MAT_Groups_Float.uasset" 22
"../../../Engine/Content/EditorMaterials/MatineeGroups/MAT_Groups_Move.uasset" 23
"../../../Engine/Content/EditorMaterials/MatineeGroups/MAT_Groups_Slomo.uasset" 24
"../../../Engine/Content/EditorMaterials/MatineeGroups/MAT_Groups_Sound.uasset" 25
"../../../Engine/Content/EditorMaterials/MatineeGroups/MAT_Groups_Vector.uasset" 26
"../../../Engine/Content/EditorMaterials/ParticleSystems/PSysThumbnail_NoImage.uasset" 27
"../../../Engine/Content/EditorMaterials/ParticleSystems/PSysThumbnail_OOD.uasset" 28
"../../../Engine/Content/EditorMaterials/Camera/CineMat.uasset" 29
"../../../Engine/Content/EditorMaterials/Camera/MI_CineMat_Rig.uasset" 30
"../../../Engine/Content/EditorMeshes/Camera/SM_CraneRig_Arm.uasset" 31
"../../../Engine/Content/EditorMeshes/Camera/SM_CraneRig_Base.uasset" 32
"../../../Engine/Content/EditorMeshes/Camera/SM_CraneRig_Body.uasset" 33
"../../../Engine/Content/EditorMeshes/Camera/SM_CraneRig_Mount.uasset" 34
"../../../Engine/Content/EditorMeshes/Camera/SM_RailRig_Mount.uasset" 35
"../../../Engine/Content/EditorMeshes/Camera/SM_RailRig_Track.uasset" 36
"../../../Engine/Content/EditorResources/BSPVertex.uasset" 37
"../../../Engine/Content/EditorResources/EmptyActor.uasset" 38
"../../../Engine/Content/EditorResources/S_Actor.uasset" 39
"../../../Engine/Content/EditorResources/S_Terrain.uasset" 40
"../../../Engine/Content/EditorResources/S_Trigger.uasset" 41
"../../../Engine/Content/EditorResources/LightIcons/S_LightError.uasset" 42
"../../../Engine/Content/EditorResources/SequenceRecorder/Countdown.uasset" 43
"../../../Engine/Content/EditorResources/SequenceRecorder/RecordingIndicator.uasset" 44
"../../../Engine/Content/EditorSounds/Notifications/CompileFailed.uasset" 45
"../../../Engine/Content/EditorSounds/Notifications/CompileFailed_Cue.uasset" 46
"../../../Engine/Content/EditorSounds/Notifications/CompileSuccess.uasset" 47
"../../../Engine/Content/EditorSounds/Notifications/CompileStart_Cue.uasset" 48
"../../../Engine/Content/EditorSounds/Notifications/CompileSuccess_Cue.uasset" 49
"../../../Engine/Content/EngineDamageTypes/DmgTypeBP_Environmental.uasset" 50
"../../../Engine/Content/EngineDebugMaterials/HeatmapGradient.uasset" 51
"../../../Engine/Content/EngineDebugMaterials/BoneWeightMaterial.uasset" 52
"../../../Engine/Content/EngineDebugMaterials/ClothMaterial.uasset" 53
"../../../Engine/Content/EngineDebugMaterials/ClothMaterial_WF.uasset" 54
"../../../Engine/Content/EngineDebugMaterials/DebugEditorMaterial.uasset" 55
"../../../Engine/Content/EngineDebugMaterials/DebugMeshMaterial.uasset" 56
"../../../Engine/Content/EngineDebugMaterials/GeomMaterial.uasset" 57
"../../../Engine/Content/EngineDebugMaterials/M_SimpleTranslucent.uasset" 58
"../../../Engine/Content/EngineFonts/Faces/RobotoBold.uasset" 59
"../../../Engine/Content/EngineFonts/Faces/RobotoBoldItalic.uasset" 60
"../../../Engine/Content/EngineFonts/Faces/RobotoItalic.uasset" 61
"../../../Engine/Content/EngineFonts/Faces/RobotoLight.uasset" 62
"../../../Engine/Content/EngineFonts/Faces/RobotoRegular.uasset" 63
"../../../Engine/Content/EngineFonts/Roboto.uasset" 64
"../../../Engine/Content/EngineFonts/Faces/RobotoTiny.uasset" 65
"../../../Engine/Content/EngineFonts/RobotoTiny.uasset" 66
"../../../Engine/Content/EngineMaterials/BaseFlattenDiffuseMap.uasset" 67
"../../../Engine/Content/EngineMaterials/BaseFlattenEmissiveMap.uasset" 68
"../../../Engine/Content/EngineMaterials/BaseFlattenGrayscaleMap.uasset" 69
"../../../Engine/Content/EngineMaterials/BaseFlattenNormalMap.uasset" 70
"../../../Engine/Content/EngineMaterials/BaseFlattenMaterial.uasset" 71
"../../../Engine/Content/EngineMaterials/DefaultBloomKernel.uasset" 72
"../../../Engine/Content/EngineMaterials/DefaultBokeh.uasset" 73
"../../../Engine/Content/EngineMaterials/DefaultDiffuse.uasset" 74
"../../../Engine/Content/EngineMaterials/DefaultDeferredDecalMaterial.uasset" 75
"../../../Engine/Content/EngineMaterials/DefaultLightFunctionMaterial.uasset" 76
"../../../Engine/Content/Functions/Engine_MaterialFunctions02/Utility/BreakOutFloat2Components.uasset" 77
"../../../Engine/Content/EngineMaterials/DefaultPostProcessMaterial.uasset" 78
"../../../Engine/Content/EngineFonts/RobotoDistanceField.uasset" 79
"../../../Engine/Content/EngineMaterials/DefaultTextMaterialOpaque.uasset" 80
"../../../Engine/Content/EngineMaterials/DefaultWhiteGrid.uasset" 81
"../../../Engine/Content/EngineMaterials/EditorBrushMaterial.uasset" 82
"../../../Engine/Content/EngineMaterials/Good64x64TilingNoiseHighFreq.uasset" 83
"../../../Engine/Content/EngineMaterials/MiniFont.uasset" 84
"../../../Engine/Content/EngineMaterials/InvalidLightmapSettings.uasset" 85
"../../../Engine/Content/EngineMaterials/M_InvalidLightmapSettings.uasset" 86
"../../../Engine/Content/Functions/Engine_MaterialFunctions02/WorldPositionOffset/CameraOffset.uasset" 87
"../../../Engine/Content/EngineMaterials/PhAT_JointLimitMaterial.uasset" 88
"../../../Engine/Content/EngineMaterials/PreintegratedSkinBRDF.uasset" 89
"../../../Engine/Content/EngineMaterials/RemoveSurfaceMaterial.uasset" 90
"../../../Engine/Content/EngineMaterials/WeightMapPlaceholderTexture.uasset" 91
"../../../Engine/Content/EngineResources/WhiteSquareTexture.uasset" 92
"../../../Engine/Content/EngineMaterials/Widget3DPassThrough.uasset" 93
"../../../Engine/Content/EngineMaterials/Widget3DPassThrough_Masked.uasset" 94
"../../../Engine/Content/EngineMaterials/Widget3DPassThrough_Opaque.uasset" 95
"../../../Engine/Content/EngineMaterials/Widget3DPassThrough_Masked_OneSided.uasset" 96
"../../../Engine/Content/EngineMaterials/Widget3DPassThrough_Opaque_OneSided.uasset" 97
"../../../Engine/Content/EngineMaterials/Widget3DPassThrough_Translucent.uasset" 98
"../../../Engine/Content/EngineMaterials/Widget3DPassThrough_Translucent_OneSided.uasset" 99
"../../../Engine/Content/EngineMeshes/Cylinder.uasset" 100
"../../../Engine/Content/EngineMeshes/Sphere.uasset" 101
"../../../Engine/Content/EngineResources/Black.uasset" 102
"../../../Engine/Content/EngineResources/DefaultTexture.uasset" 103
"../../../Engine/Content/EngineResources/DefaultTextureCube.uasset" 104
"../../../Engine/Content/EngineResources/DefaultVolumeTexture2D.uasset" 105
"../../../Engine/Content/EngineResources/DefaultVolumeTexture.uasset" 106
"../../../Engine/Content/EngineResources/GradientTexture0.uasset" 107
"../../../Engine/Content/EngineSounds/Master.uasset" 108
"../../../Engine/Content/Functions/Engine_MaterialFunctions01/Shading/ConvertFromDiffSpec.uasset" 109
"../../../Engine/Content/Functions/Engine_MaterialFunctions01/Shading/PowerToRoughness.uasset" 110
"../../../Engine/Content/Maps/Templates/Thumbnails/Default.uasset" 111
"../../../Engine/Content/Maps/Templates/Thumbnails/VR-Basic.uasset" 112
"../../../Engine/Content/MobileResources/T_MobileControls_texture.uasset" 113
"../../../Engine/Content/MobileResources/T_MobileMenu2.uasset" 114
"../../../Engine/Content/MobileResources/HUD/AnalogHat.uasset" 115
"../../../Engine/Content/MobileResources/HUD/VirtualJoystick_Background.uasset" 116
"../../../Engine/Content/MobileResources/HUD/VirtualJoystick_Thumb.uasset" 117
"../../../Engine/Content/MobileResources/HUD/DefaultVirtualJoysticks.uasset" 118
"../../../Engine/Content/MobileResources/HUD/LeftVirtualJoystickOnly.uasset" 119
"../../../Engine/Content/MobileResources/HUD/MobileHUDButton1_off.uasset" 120
"../../../Engine/Content/MobileResources/HUD/MobileHUDButton1_on.uasset" 121
"../../../Engine/Content/MobileResources/HUD/MobileHUDButton2_off.uasset" 122
"../../../Engine/Content/MobileResources/HUD/MobileHUDButton2_on.uasset" 123
"../../../Engine/Content/MobileResources/HUD/MobileHUDButton3.uasset" 124
"../../../Engine/Content/MobileResources/HUD/MobileHUDButtonFire.uasset" 125
"../../../Engine/Content/MobileResources/HUD/MobileHUDDirectionPad.uasset" 126
"../../../Engine/Content/MobileResources/HUD/MobileHUDDirectionPad2.uasset" 127
"../../../Engine/Content/MobileResources/HUD/MobileHUDDirectionPad3.uasset" 128
"../../../Engine/Content/MobileResources/HUD/MobileHUDDirectionStick.uasset" 129
"../../../Engine/Content/MobileResources/HUD/T_Castle_ThumbstickInner.uasset" 130
"../../../Engine/Content/MobileResources/HUD/T_Castle_ThumbstickOutter.uasset" 131
"../../../Engine/Content/Tutorial/ContentIntroCurve.uasset" 132
"../../../Engine/Content/VREditor/LaserPointer/VR_LaserPower_01.uasset" 133
"../../../Engine/Content/VREditor/TransformGizmo/TransformGizmoMaterial.uasset" 134
"../../../Engine/Content/VREditor/TransformGizmo/TranslucentTransformGizmoMaterial.uasset" 135
"../../../Engine/Content/VREditor/TransformGizmo/BoundingBoxCorner.uasset" 136
"../../../Engine/Content/VREditor/TransformGizmo/BoundingBoxEdge.uasset" 137
"../../../Engine/Content/VREditor/TransformGizmo/PlaneTranslationHandle.uasset" 138
"../../../Engine/Content/VREditor/TransformGizmo/Main.uasset" 139
"../../../Engine/Content/VREditor/TransformGizmo/Xray.uasset" 140
"../../../Engine/Content/VREditor/TransformGizmo/SM_Sequencer_Key.uasset" 141
"../../../Engine/Content/VREditor/TransformGizmo/SM_Sequencer_Node.uasset" 142
"../../Plugins/2D/Paper2D/Content/PlaceholderTextures/DummySpriteTexture.uasset" 143
"../../Plugins/2D/Paper2D/Content/DummySprite.uasset" 144
"../../Plugins/2D/Paper2D/Content/DefaultPaperTerrainMaterial.uasset" 145
"../../Plugins/2D/Paper2D/Content/DefaultSpriteMaterial.uasset" 146
"../../Plugins/2D/Paper2D/Content/MaskedUnlitSpriteMaterial.uasset" 147
"../../Plugins/2D/Paper2D/Content/OpaqueUnlitSpriteMaterial.uasset" 148
"../../../Engine/Content/Functions/Engine_MaterialFunctions01/Texturing/FlattenNormal.uasset" 149
"../../../Engine/Content/EngineMaterials/FlatNormal.uasset" 150
"../../Plugins/Enterprise/DatasmithContent/Content/Materials/CE_BaseMaster.uasset" 151
"../../Plugins/Enterprise/DatasmithContent/Content/Materials/CE_OpacityMaster.uasset" 152
"../../Plugins/Enterprise/DatasmithContent/Content/Materials/CE_OpacitySimpleMaster.uasset" 153
"../../Plugins/Enterprise/DatasmithContent/Content/Materials/CE_OpaqueMaster.uasset" 154
"../../../Engine/Content/Functions/Engine_MaterialFunctions01/Texturing/ComputeMipLevel.uasset" 155
"../../../Engine/Content/Functions/Engine_MaterialFunctions01/Texturing/TextureCropping.uasset" 156
"../../../Engine/Content/Functions/Engine_MaterialFunctions02/Utility/BreakOutFloat3Components.uasset" 157
"../../../Engine/Content/Functions/Engine_MaterialFunctions02/ExampleContent/DebugNumberStrip.uasset" 158
"../../../Engine/Content/Functions/Engine_MaterialFunctions02/ExampleContent/Textures/DebugNumberPeriod.uasset" 159
"../../../Engine/Content/Functions/Engine_MaterialFunctions02/Utility/DebugScalarValues.uasset" 160
"../../../Engine/Content/Functions/Engine_MaterialFunctions02/Utility/DebugFloat3Values.uasset" 161
"../../../Engine/Content/Functions/Engine_MaterialFunctions02/Utility/MakeFloat3.uasset" 162
"../../../Engine/Content/Functions/Engine_MaterialFunctions02/Math/RGBtoHSV.uasset" 163
"../../../Engine/Content/Functions/Engine_MaterialFunctions02/Utility/BreakOutFloat4Components.uasset" 164
"../../../Engine/Content/Functions/Engine_MaterialFunctions02/Utility/DebugFloat4Values.uasset" 165
"../../Plugins/Enterprise/DatasmithContent/Content/Materials/Datasmith_Color.uasset" 166
"../../../Engine/Content/Functions/Engine_MaterialFunctions02/ExampleContent/Textures/flipbook.uasset" 167
"../../Plugins/Enterprise/DatasmithContent/Content/Materials/ExtractColor.uasset" 168
"../../Plugins/Enterprise/DatasmithContent/Content/Materials/TileMirrorAxis.uasset" 169
"../../../Engine/Content/Functions/Engine_MaterialFunctions02/Texturing/CustomRotator.uasset" 170
"../../Plugins/Enterprise/DatasmithContent/Content/Materials/UVEdit.uasset" 171
"../../Plugins/Enterprise/DatasmithContent/Content/Materials/Datasmith_Material.uasset" 172
"../../../Engine/Content/Functions/Engine_MaterialFunctions03/Procedurals/NormalFromHeightmap.uasset" 173
"../../../Engine/Content/ArtTools/RenderToTexture/Textures/127grey.uasset" 174
"../../Plugins/Enterprise/DatasmithContent/Content/Materials/RevitMaster.uasset" 175
"../../Plugins/Enterprise/DatasmithContent/Content/Materials/SketchUpMaster.uasset" 176
"../../Plugins/Enterprise/DatasmithContent/Content/Materials/FBXImporter/DeltaGenUVEdit.uasset" 177
"../../Plugins/Enterprise/DatasmithContent/Content/Materials/FBXImporter/DeltaGenBase.uasset" 178
"../../../Engine/Content/EngineMaterials/T_Default_Normal.uasset" 179
"../../Plugins/Enterprise/DatasmithContent/Content/Materials/FBXImporter/DeltaGenMaster.uasset" 180
"../../Plugins/Enterprise/DatasmithContent/Content/Materials/FBXImporter/DeltaGenMasterTransparent.uasset" 181
"../../Plugins/Enterprise/DatasmithContent/Content/Materials/FBXImporter/VREDUVEdit.uasset" 182
"../../Plugins/Enterprise/DatasmithContent/Content/Materials/FBXImporter/VREDBase.uasset" 183
"../../Plugins/Enterprise/DatasmithContent/Content/Materials/FBXImporter/VREDMaster.uasset" 184
"../../Plugins/Enterprise/DatasmithContent/Content/Materials/FBXImporter/VREDMasterTransparent.uasset" 185
"../../Plugins/Runtime/Oculus/OculusVR/Content/Materials/PokeAHoleMaterial.uasset" 186
"../../Plugins/Runtime/Oculus/OculusVR/Content/Textures/GearVRController_AO.uasset" 187
"../../Plugins/Runtime/Oculus/OculusVR/Content/Textures/GearVRController_Color.uasset" 188
"../../Plugins/Runtime/Oculus/OculusVR/Content/Textures/GearVRController_Normal.uasset" 189
"../../Plugins/Runtime/Oculus/OculusVR/Content/Materials/GearVRControllerMaterial.uasset" 190
"../../Plugins/Runtime/Oculus/OculusVR/Content/Meshes/GearVrController.uasset" 191
"../../Plugins/Runtime/Oculus/OculusVR/Content/Textures/touchController_albedo.uasset" 192
"../../Plugins/Runtime/Oculus/OculusVR/Content/Textures/touchController_controlmap.uasset" 193
"../../Plugins/Runtime/Oculus/OculusVR/Content/Materials/touchController_mat.uasset" 194
"../../Plugins/Runtime/Oculus/OculusVR/Content/Meshes/LeftTouchController.uasset" 195
"../../Plugins/Runtime/Oculus/OculusVR/Content/Meshes/RiftHMD.uasset" 196
"../../Plugins/Runtime/Oculus/OculusVR/Content/Meshes/RightTouchController.uasset" 197
"../../../Engine/Content/EditorBlueprintResources/StandardMacros.uasset" 198
"../../../Engine/Content/EngineSky/C_Sky_Cloud_Color.uasset" 199
"../../../Engine/Content/EngineSky/C_Sky_Horizon_Color.uasset" 200
"../../../Engine/Content/EngineSky/C_Sky_Zenith_Color.uasset" 201
"../../../Engine/Content/EngineSky/T_Sky_Blue.uasset" 202
"../../../Engine/Content/EngineSky/T_Sky_Clouds_M.uasset" 203
"../../../Engine/Content/EngineSky/T_Sky_Stars.uasset" 204
"../../../Engine/Content/EngineSky/M_Sky_Panning_Clouds2.uasset" 205
"../../../Engine/Content/EngineSky/SM_SkySphere.uasset" 206
"../../../Engine/Content/EngineSky/BP_Sky_Sphere.uasset" 207
"../../../../../../Users/User/Documents/Exodia_File/WinterGameJam/Content/Jeff/Images/Credits_normal_.uasset" 208
"../../../../../../Users/User/Documents/Exodia_File/WinterGameJam/Content/Jeff/Blueprints/WidgetBP/Okay/CreditsLogo_WB.uasset" 209
"../../../../../../Users/User/Documents/Exodia_File/WinterGameJam/Content/Jeff/Blueprints/WidgetBP/Okay/CreditsLogo_BP.uasset" 210
"../../../../../../Users/User/Documents/Exodia_File/WinterGameJam/Content/Jeff/Images/Quit_game_normal_.uasset" 211
"../../../../../../Users/User/Documents/Exodia_File/WinterGameJam/Content/Jeff/Blueprints/WidgetBP/Okay/QuitGame_WB.uasset" 212
"../../../../../../Users/User/Documents/Exodia_File/WinterGameJam/Content/Jeff/Blueprints/WidgetBP/Okay/QuitGame_BP.uasset" 213
"../../../../../../Users/User/Documents/Exodia_File/WinterGameJam/Content/Jeff/Images/PLAY_GAME_NORMAL1.uasset" 214
"../../../../../../Users/User/Documents/Exodia_File/WinterGameJam/Content/Jeff/Blueprints/WidgetBP/Okay/StartGame_WB.uasset" 215
"../../../../../../Users/User/Documents/Exodia_File/WinterGameJam/Content/Jeff/Blueprints/WidgetBP/Okay/StartGame_BP.uasset" 216
"../../../../../../Users/User/Documents/Exodia_File/WinterGameJam/Content/Jeff/Maps/MainMenuLevel_BuiltData.uasset" 217
"../../../../../../Users/User/Documents/Exodia_File/WinterGameJam/Content/Jeff/Blueprints/EnumBP/ArrowKeysEnum_BP.uasset" 218
"../../../../../../Users/User/Documents/Exodia_File/WinterGameJam/Content/Jeff/Images/PLAY_GAME__Clicked_.uasset" 219
"../../../../../../Users/User/Documents/Exodia_File/WinterGameJam/Content/Jeff/Images/Ui_title.uasset" 220
"../../../../../../Users/User/Documents/Exodia_File/WinterGameJam/Content/Jeff/Blueprints/WidgetBP/Okay/TitleScreen_WB.uasset" 221
"../../../../../../Users/User/Documents/Exodia_File/WinterGameJam/Content/NIVELLE/Main_Menu.uasset" 222
"../../../../../../Users/User/Documents/Exodia_File/WinterGameJam/Content/Jeff/Maps/MainMenuLevel.umap" 223
"../../../../../../Users/User/Documents/Exodia_File/WinterGameJam/Content/Jeric/Character/Animations/MainChar_Skeleton.uasset" 224
"../../../../../../Users/User/Documents/Exodia_File/WinterGameJam/Content/Jeric/Character/Animations/MainChar_JumpEnd.uasset" 225
"../../../../../../Users/User/Documents/Exodia_File/WinterGameJam/Content/Jeric/Character/Animations/MainChar_JumpLoop.uasset" 226
"../../../../../../Users/User/Documents/Exodia_File/WinterGameJam/Content/Jeric/Character/Animations/MainChar_JumpStart.uasset" 227
"../../../../../../Users/User/Documents/Exodia_File/WinterGameJam/Content/Jeric/Character/Animations/MainChar_MoveLeftAnim.uasset" 228
"../../../../../../Users/User/Documents/Exodia_File/WinterGameJam/Content/Jeric/Character/Animations/MainChar_MoveRightAnim.uasset" 229
"../../../../../../Users/User/Documents/Exodia_File/WinterGameJam/Content/Jeric/Character/Animations/MainChar_RollAnim.uasset" 230
"../../../../../../Users/User/Documents/Exodia_File/WinterGameJam/Content/Jeric/Character/Animations/MainChar_RunAnim.uasset" 231
"../../../../../../Users/User/Documents/Exodia_File/WinterGameJam/Content/Jeric/ThirdPersonBP/Blueprints/animbs_main.uasset" 232
"../../../../../../Users/User/Documents/Exodia_File/WinterGameJam/Content/Jeric/ThirdPersonBP/Blueprints/ABP_Character.uasset" 233
"../../../../../../Users/User/Documents/Exodia_File/WinterGameJam/Content/Jeric/Enemy/Enemy_Skeleton.uasset" 234
"../../../../../../Users/User/Documents/Exodia_File/WinterGameJam/Content/Jeric/Enemy/Enemy_IdleAnim.uasset" 235
"../../../../../../Users/User/Documents/Exodia_File/WinterGameJam/Content/Jeric/Enemy/ABP_Enemy.uasset" 236
"../../../../../../Users/User/Documents/Exodia_File/WinterGameJam/Content/Jeric/Character/Animations/MainChar_AttackLeftAnim.uasset" 237
"../../../../../../Users/User/Documents/Exodia_File/WinterGameJam/Content/Jeric/Character/Animations/MainChar_AttackRightAnim.uasset" 238
"../../../../../../Users/User/Documents/Exodia_File/WinterGameJam/Content/Jeric/Enemy/Enemy_AttackAnim.uasset" 239
"../../../../../../Users/User/Documents/Exodia_File/WinterGameJam/Content/Jeric/Enemy/T_Enemy.uasset" 240
"../../../../../../Users/User/Documents/Exodia_File/WinterGameJam/Content/Jeric/Enemy/M_Enemy.uasset" 241
"../../../../../../Users/User/Documents/Exodia_File/WinterGameJam/Content/Jeric/Enemy/Enemy_Physics.uasset" 242
"../../../../../../Users/User/Documents/Exodia_File/WinterGameJam/Content/Jeric/Enemy/Enemy.uasset" 243
"../../../../../../Users/User/Documents/Exodia_File/WinterGameJam/Content/NIVELLE/Enemy.uasset" 244
"../../../../../../Users/User/Documents/Exodia_File/WinterGameJam/Content/NIVELLE/Enemy_Cue.uasset" 245
"../../../../../../Users/User/Documents/Exodia_File/WinterGameJam/Content/Jeric/ThirdPersonBP/Blueprints/BP_Blocker.uasset" 246
"../../../Engine/Content/BasicShapes/BasicShapeMaterial.uasset" 247
"../../../../../../Users/User/Documents/Exodia_File/WinterGameJam/Content/Jeric/Environment/car.uasset" 248
"../../../../../../Users/User/Documents/Exodia_File/WinterGameJam/Content/Jeric/Environment/M_Car.uasset" 249
"../../../../../../Users/User/Documents/Exodia_File/WinterGameJam/Content/Jeric/Environment/Warning/Sign.uasset" 250
"../../../../../../Users/User/Documents/Exodia_File/WinterGameJam/Content/Jeric/Environment/Warning/M_Sign.uasset" 251
"../../../Engine/Content/BasicShapes/Cube.uasset" 252
"../../../../../../Users/User/Documents/Exodia_File/WinterGameJam/Content/Jeric/ThirdPersonBP/Blueprints/BP_RampDown.uasset" 253
"../../../../../../Users/User/Documents/Exodia_File/WinterGameJam/Content/Jeric/ThirdPersonBP/Blueprints/BP_RampUp.uasset" 254
"../../../../../../Users/User/Documents/Exodia_File/WinterGameJam/Content/Jeric/Environment/Magnet/T_Magnet.uasset" 255
"../../../../../../Users/User/Documents/Exodia_File/WinterGameJam/Content/Jeric/Environment/Magnet/NewFolder/T_Magnet2.uasset" 256
"../../../../../../Users/User/Documents/Exodia_File/WinterGameJam/Content/Jeric/Environment/Sword/Swordf.uasset" 257
"../../../../../../Users/User/Documents/Exodia_File/WinterGameJam/Content/Jeric/Environment/Sword/M_Sword1.uasset" 258
"../../../../../../Users/User/Documents/Exodia_File/WinterGameJam/Content/Jeff/Images/Latest/Game_Over_UI.uasset" 259
"../../../../../../Users/User/Documents/Exodia_File/WinterGameJam/Content/Jeff/Blueprints/WidgetBP/Okay/DeadMenu_WB.uasset" 260
"../../../../../../Users/User/Documents/Exodia_File/WinterGameJam/Content/Jeff/Images/Heart.uasset" 261
"../../../../../../Users/User/Documents/Exodia_File/WinterGameJam/Content/Jeff/Blueprints/WidgetBP/WB_H1.uasset" 262
"../../../../../../Users/User/Documents/Exodia_File/WinterGameJam/Content/Jeff/Blueprints/WidgetBP/WB_H2.uasset" 263
"../../../../../../Users/User/Documents/Exodia_File/WinterGameJam/Content/Jeff/Blueprints/WidgetBP/WB_H3.uasset" 264
"../../../../../../Users/User/Documents/Exodia_File/WinterGameJam/Content/Jeric/Character/Animations/Character.uasset" 265
"../../../../../../Users/User/Documents/Exodia_File/WinterGameJam/Content/Jeric/Character/Animations/lambert1.uasset" 266
"../../../../../../Users/User/Documents/Exodia_File/WinterGameJam/Content/Jeric/Character/Animations/MChar_Bag.uasset" 267
"../../../../../../Users/User/Documents/Exodia_File/WinterGameJam/Content/Jeric/Character/Animations/MChar_EyesAndTeeth.uasset" 268
"../../../../../../Users/User/Documents/Exodia_File/WinterGameJam/Content/Jeric/Character/Animations/MChar_Hair.uasset" 269
"../../../../../../Users/User/Documents/Exodia_File/WinterGameJam/Content/Jeric/Character/Animations/MChar_Pants.uasset" 270
"../../../../../../Users/User/Documents/Exodia_File/WinterGameJam/Content/Jeric/Character/Animations/MChar_Shirt_PrimaryColor.uasset" 271
"../../../../../../Users/User/Documents/Exodia_File/WinterGameJam/Content/Jeric/Character/Animations/MChar_Shirt_SecondaryColor.uasset" 272
"../../../../../../Users/User/Documents/Exodia_File/WinterGameJam/Content/Jeric/Character/Animations/MChar_Shoes_PrimaryColor.uasset" 273
"../../../../../../Users/User/Documents/Exodia_File/WinterGameJam/Content/Jeric/Character/Animations/MChar_Shoes_SecondaryColor.uasset" 274
"../../../../../../Users/User/Documents/Exodia_File/WinterGameJam/Content/Jeric/Character/Animations/MChar_Shoes_TertiaryColor.uasset" 275
"../../../../../../Users/User/Documents/Exodia_File/WinterGameJam/Content/Jeric/Character/Animations/MChar_Skin.uasset" 276
"../../../../../../Users/User/Documents/Exodia_File/WinterGameJam/Content/Jeric/Character/Animations/MainChar_PhysicsAsset.uasset" 277
"../../../../../../Users/User/Documents/Exodia_File/WinterGameJam/Content/Jeric/Character/Animations/MainChar.uasset" 278
"../../../../../../Users/User/Documents/Exodia_File/WinterGameJam/Content/Jeric/Environment/Magnet/NewFolder/Magnet.uasset" 279
"../../../../../../Users/User/Documents/Exodia_File/WinterGameJam/Content/Jeric/Environment/Sword/M_Sword2.uasset" 280
"../../../../../../Users/User/Documents/Exodia_File/WinterGameJam/Content/Jeric/Environment/Sword/Sword.uasset" 281
"../../../../../../Users/User/Documents/Exodia_File/WinterGameJam/Content/Jeric/ThirdPersonBP/Blueprints/ThirdPersonCharacter.uasset" 282
"../../../../../../Users/User/Documents/Exodia_File/WinterGameJam/Content/NIVELLE/COLLECTABLESf.uasset" 283
"../../../../../../Users/User/Documents/Exodia_File/WinterGameJam/Content/NIVELLE/M_Item.uasset" 284
"../../../../../../Users/User/Documents/Exodia_File/WinterGameJam/Content/NIVELLE/Collectables_.uasset" 285
"../../../../../../Users/User/Documents/Exodia_File/WinterGameJam/Content/Jeric/ThirdPersonBP/Blueprints/BP_Item.uasset" 286
"../../../../../../Users/User/Documents/Exodia_File/WinterGameJam/Content/Jeric/Environment/Building1/Building1.uasset" 287
"../../../../../../Users/User/Documents/Exodia_File/WinterGameJam/Content/Jeric/Environment/Building1/M_Building1.uasset" 288
"../../../../../../Users/User/Documents/Exodia_File/WinterGameJam/Content/Jeric/Environment/Building2/Building3.uasset" 289
"../../../../../../Users/User/Documents/Exodia_File/WinterGameJam/Content/Jeric/Environment/Building2/M_Building2.uasset" 290
"../../../../../../Users/User/Documents/Exodia_File/WinterGameJam/Content/Jeric/Environment/Building3/Building3.uasset" 291
"../../../../../../Users/User/Documents/Exodia_File/WinterGameJam/Content/Jeric/Environment/Building3/M_Building3.uasset" 292
"../../../../../../Users/User/Documents/Exodia_File/WinterGameJam/Content/Jeric/Environment/Road_Fixed.uasset" 293
"../../../../../../Users/User/Documents/Exodia_File/WinterGameJam/Content/Jeric/Environment/M_Road.uasset" 294
"../../../../../../Users/User/Documents/Exodia_File/WinterGameJam/Content/Jeric/Environment/Building2/Building2.uasset" 295
"../../../../../../Users/User/Documents/Exodia_File/WinterGameJam/Content/Jeric/Environment/Building3_0.uasset" 296
"../../../../../../Users/User/Documents/Exodia_File/WinterGameJam/Content/Jeric/Environment/Road.uasset" 297
"../../../../../../Users/User/Documents/Exodia_File/WinterGameJam/Content/Jeric/ThirdPersonBP/Blueprints/BP_FloorTile.uasset" 298
"../../../../../../Users/User/Documents/Exodia_File/WinterGameJam/Content/Jeric/ThirdPersonBP/Blueprints/BP_Magnet.uasset" 299
"../../../../../../Users/User/Documents/Exodia_File/WinterGameJam/Content/Jeric/ThirdPersonBP/Blueprints/BP_FloorTile_RampDown.uasset" 300
"../../../../../../Users/User/Documents/Exodia_File/WinterGameJam/Content/Jeric/Environment/Obstacle/T_Obstacle.uasset" 301
"../../../../../../Users/User/Documents/Exodia_File/WinterGameJam/Content/Jeric/Environment/Obstacle/M_Obstacle.uasset" 302
"../../../../../../Users/User/Documents/Exodia_File/WinterGameJam/Content/Jeric/Environment/Obstacle/Obstacle.uasset" 303
"../../../../../../Users/User/Documents/Exodia_File/WinterGameJam/Content/Jeric/ThirdPersonBP/Blueprints/BP_Box.uasset" 304
"../../../../../../Users/User/Documents/Exodia_File/WinterGameJam/Content/Jeric/ThirdPersonBP/Blueprints/BP_FloorTile_RampUp.uasset" 305
"../../../../../../Users/User/Documents/Exodia_File/WinterGameJam/Content/Jeric/UMG/RunHud.uasset" 306
"../../../../../../Users/User/Documents/Exodia_File/WinterGameJam/Content/Jeric/ThirdPersonBP/Blueprints/ThirdPersonGameMode.uasset" 307
"../../../../../../Users/User/Documents/Exodia_File/WinterGameJam/Content/Jeric/Stage1_BuiltData.uasset" 308
"../../../../../../Users/User/Documents/Exodia_File/WinterGameJam/Content/StarterContent/Textures/T_Fire_Tiled_D.uasset" 309
"../../../../../../Users/User/Documents/Exodia_File/WinterGameJam/Content/StarterContent/Textures/T_Rock_Basalt_N.uasset" 310
"../../../../../../Users/User/Documents/Exodia_File/WinterGameJam/Content/NIVELLE/Mat_Lava.uasset" 311
"../../../../../../Users/User/Documents/Exodia_File/WinterGameJam/Content/NIVELLE/Mat_ILava.uasset" 312
"../../../Engine/Content/EngineMaterials/DefaultPhysicalMaterial.uasset" 313
"../../../../../../Users/User/Documents/Exodia_File/WinterGameJam/Content/Jeff/Images/Game_Paused_UI.uasset" 314
"../../../../../../Users/User/Documents/Exodia_File/WinterGameJam/Content/Jeff/Blueprints/WidgetBP/Okay/PauseMenu_WB.uasset" 315
"../../../../../../Users/User/Documents/Exodia_File/WinterGameJam/Content/NIVELLE/Ingame.uasset" 316
"../../../../../../Users/User/Documents/Exodia_File/WinterGameJam/Content/Jeric/Stage1.umap" 317
"../../../../../../Users/User/Documents/Exodia_File/WinterGameJam/Content/Jeric/Environment/M_Yellow.uasset" 318
"../../../Engine/Content/BasicShapes/Sphere.uasset" 319
"../../../../../../Users/User/Documents/Exodia_File/WinterGameJam/Content/Jeric/Environment/BP_Regen.uasset" 320
"../../../../../../Users/User/Documents/Exodia_File/WinterGameJam/Content/Jeric/ThirdPersonBP/Blueprints/BP_FloorTut.uasset" 321
"../../../../../../Users/User/Documents/Exodia_File/WinterGameJam/Content/Jeric/Tutorial_BuiltData.uasset" 322
"../../../../../../Users/User/Documents/Exodia_File/WinterGameJam/Content/Jeff/Images/Latest/TUTORIAL_LOADING_SCREEN.uasset" 323
"../../../../../../Users/User/Documents/Exodia_File/WinterGameJam/Content/Jeff/Blueprints/WidgetBP/WB_Tut.uasset" 324
"../../../../../../Users/User/Documents/Exodia_File/WinterGameJam/Content/Jeric/Tutorial.umap" 325
"../../../../../../Users/User/Documents/Exodia_File/WinterGameJam/Content/Jeric/ThirdPersonBP/Maps/ThirdPersonExampleMap_BuiltData.uasset" 326
"../../../../../../Users/User/Documents/Exodia_File/WinterGameJam/Content/Jeric/Geometry/Meshes/CubeMaterial.uasset" 327
"../../../../../../Users/User/Documents/Exodia_File/WinterGameJam/Content/Jeric/Geometry/Meshes/1M_Cube.uasset" 328
"../../../../../../Users/User/Documents/Exodia_File/WinterGameJam/Content/Jeric/Geometry/Meshes/1M_Cube_Chamfer.uasset" 329
"../../../../../../Users/User/Documents/Exodia_File/WinterGameJam/Content/Jeric/Geometry/Meshes/TemplateFloor.uasset" 330
"../../../../../../Users/User/Documents/Exodia_File/WinterGameJam/Content/Jeric/ThirdPerson/Meshes/RampMaterial.uasset" 331
"../../../../../../Users/User/Documents/Exodia_File/WinterGameJam/Content/Jeric/ThirdPerson/Meshes/Bump_StaticMesh.uasset" 332
"../../../../../../Users/User/Documents/Exodia_File/WinterGameJam/Content/Jeric/ThirdPerson/Meshes/LeftArm_StaticMesh.uasset" 333
"../../../../../../Users/User/Documents/Exodia_File/WinterGameJam/Content/Jeric/ThirdPerson/Meshes/Linear_Stair_StaticMesh.uasset" 334
"../../../../../../Users/User/Documents/Exodia_File/WinterGameJam/Content/Jeric/ThirdPerson/Meshes/Ramp_StaticMesh.uasset" 335
"../../../../../../Users/User/Documents/Exodia_File/WinterGameJam/Content/Jeric/ThirdPerson/Meshes/RightArm_StaticMesh.uasset" 336
"../../../../../../Users/User/Documents/Exodia_File/WinterGameJam/Content/Jeric/ThirdPersonBP/Maps/ThirdPersonExampleMap.umap" 337
"../../../Engine/Content/Maps/Entry_BuiltData.uasset" 338
"../../../Engine/Content/Maps/Entry.umap" 339
"../../../Engine/Content/Maps/Templates/Template_Default_BuiltData.uasset" 340
"../../../Engine/Content/MapTemplates/SM_Template_Map_Floor.uasset" 341
"../../../Engine/Content/Maps/Templates/Template_Default.umap" 342
